simulation we_1lst_03 root is /bgfs/ssaxena/shp176/we_1lst_03
AMBERHOME=/ihome/crc/install/amber/amber22/amber22
AWK=/usr/bin/awk
BASH=/bin/bash
BASH_ENV=/ihome/crc/install/lmod/lmod/init/bash
BASH_FUNC_ml()=() {  eval $($LMOD_DIR/ml_cmd "$@")
BASH_FUNC_module()=() {  eval `$LMOD_CMD bash "$@"`
CAT=/bin/cat
CMAKE_PREFIX_PATH=/ihome/crc/install/openmpi/4.0.3/gcc-8.2.0:/ihome/crc/install/cuda/11.6.1
CONDA_DEFAULT_ENV=we
CONDA_EXE=/ihome/ssaxena/shp176/anaconda3/bin/conda
CONDA_PREFIX=/ihome/ssaxena/shp176/anaconda3/envs/we
CONDA_PREFIX_1=/ihome/ssaxena/shp176/anaconda3
CONDA_PROMPT_MODIFIER=(we) 
CONDA_PYTHON_EXE=/ihome/ssaxena/shp176/anaconda3/bin/python
CONDA_SHLVL=2
CP=/bin/cp
CPATH=/ihome/crc/install/zlib/1.2.11/gcc/8.2.0/include:/ihome/crc/install/openmpi/4.0.3/gcc-8.2.0/include:/ihome/crc/install/gcc/8.2.0/lib/gcc/x86_64-pc-linux-gnu/8.2.0/include:/ihome/crc/install/gcc/8.2.0/include
CPLUS_INCLUDE_PATH=/ihome/crc/install/zlib/1.2.11/gcc/8.2.0/include
CUDAROOT=/ihome/crc/install/cuda/11.6.1
CUDA_ROOT=/ihome/crc/install/cuda/11.6.1
CUDA_VISIBLE_DEVICES=0,1,2,3
CUT=/usr/bin/cut
C_INCLUDE_PATH=/ihome/crc/install/zlib/1.2.11/gcc/8.2.0/include
DATE=/bin/date
ECHO=/bin/echo
ENVIRONMENT=BATCH
GCC_ROOT=/ihome/crc/install/gcc/8.2.0
GPU_DEVICE_ORDINAL=0,1,2,3
GREP=/bin/grep
HEAD=/usr/bin/head
HISTCONTROL=ignoredups
HISTSIZE=1000
HOME=/ihome/ssaxena/shp176
HOSTNAME=gpu-n45
IFCONFIG=/bin/ifconfig
INCLUDEPATH=/ihome/crc/install/openmpi/4.0.3/gcc-8.2.0/include
INCLUDE_PATH=/ihome/crc/install/openmpi/4.0.3/gcc-8.2.0/include:/ihome/crc/install/gcc/8.2.0/lib/gcc/x86_64-pc-linux-gnu/8.2.0/include:/ihome/crc/install/gcc/8.2.0/include
KDEDIRS=/usr
LANG=C.UTF-8
LD_LIBRARY_PATH=/ihome/crc/install/amber/amber22/amber22/lib:/ihome/crc/install/zlib/1.2.11/gcc/8.2.0/lib:/ihome/crc/install/openmpi/4.0.3/gcc-8.2.0/lib:/ihome/crc/install/gcc/8.2.0/lib/gcc/x86_64-pc-linux-gnu/8.2.0:/ihome/crc/install/gcc/8.2.0/lib64:/usr/lib64:/ihome/crc/install/cuda/11.6.1/lib64/stubs:/ihome/crc/install/cuda/11.6.1/lib64
LD_RUN_PATH=/ihome/crc/install/zlib/1.2.11/gcc/8.2.0/lib:/ihome/crc/install/gcc/8.2.0/lib64
LESSOPEN=||/usr/bin/lesspipe.sh %s
LIBPATH=/ihome/crc/install/gcc/8.2.0/lib/gcc/x86_64-pc-linux-gnu/8.2.0
LIBRARY_PATH=/ihome/crc/install/zlib/1.2.11/gcc/8.2.0/lib:/ihome/crc/install/gcc/8.2.0/lib/gcc/x86_64-pc-linux-gnu/8.2.0:/ihome/crc/install/gcc/8.2.0/lib64:/usr/lib64:/ihome/crc/install/cuda/11.6.1/lib64/stubs:/ihome/crc/install/cuda/11.6.1/lib64
LMOD_CMD=/ihome/crc/install/lmod/lmod/libexec/lmod
LMOD_COLORIZE=yes
LMOD_DEFAULT_MODULEPATH=/ihome/crc/modules/Core
LMOD_DIR=/ihome/crc/install/lmod/lmod/libexec/
LMOD_FULL_SETTARG_SUPPORT=no
LMOD_PKG=/ihome/crc/install/lmod/lmod
LMOD_PREPEND_BLOCK=normal
LMOD_SETTARG_CMD=:
LMOD_VERSION=6.6.3
LMOD_arch=x86_64
LMOD_sys=Linux
LN=/bin/ln
LOADEDMODULES=cuda/11.6.1:gcc/8.2.0:openmpi/4.0.3:zlib/1.2.11:amber/22
LOCAL=/scratch/slurm-777413
LOGNAME=shp176
LS_COLORS=rs=0:di=38;5;27:ln=38;5;51:mh=44;38;5;15:pi=40;38;5;11:so=38;5;13:do=38;5;5:bd=48;5;232;38;5;11:cd=48;5;232;38;5;3:or=48;5;232;38;5;9:mi=05;48;5;232;38;5;15:su=48;5;196;38;5;15:sg=48;5;11;38;5;16:ca=48;5;196;38;5;226:tw=48;5;10;38;5;16:ow=48;5;10;38;5;21:st=48;5;21;38;5;15:ex=38;5;34:*.tar=38;5;9:*.tgz=38;5;9:*.arc=38;5;9:*.arj=38;5;9:*.taz=38;5;9:*.lha=38;5;9:*.lz4=38;5;9:*.lzh=38;5;9:*.lzma=38;5;9:*.tlz=38;5;9:*.txz=38;5;9:*.tzo=38;5;9:*.t7z=38;5;9:*.zip=38;5;9:*.z=38;5;9:*.Z=38;5;9:*.dz=38;5;9:*.gz=38;5;9:*.lrz=38;5;9:*.lz=38;5;9:*.lzo=38;5;9:*.xz=38;5;9:*.bz2=38;5;9:*.bz=38;5;9:*.tbz=38;5;9:*.tbz2=38;5;9:*.tz=38;5;9:*.deb=38;5;9:*.rpm=38;5;9:*.jar=38;5;9:*.war=38;5;9:*.ear=38;5;9:*.sar=38;5;9:*.rar=38;5;9:*.alz=38;5;9:*.ace=38;5;9:*.zoo=38;5;9:*.cpio=38;5;9:*.7z=38;5;9:*.rz=38;5;9:*.cab=38;5;9:*.jpg=38;5;13:*.jpeg=38;5;13:*.gif=38;5;13:*.bmp=38;5;13:*.pbm=38;5;13:*.pgm=38;5;13:*.ppm=38;5;13:*.tga=38;5;13:*.xbm=38;5;13:*.xpm=38;5;13:*.tif=38;5;13:*.tiff=38;5;13:*.png=38;5;13:*.svg=38;5;13:*.svgz=38;5;13:*.mng=38;5;13:*.pcx=38;5;13:*.mov=38;5;13:*.mpg=38;5;13:*.mpeg=38;5;13:*.m2v=38;5;13:*.mkv=38;5;13:*.webm=38;5;13:*.ogm=38;5;13:*.mp4=38;5;13:*.m4v=38;5;13:*.mp4v=38;5;13:*.vob=38;5;13:*.qt=38;5;13:*.nuv=38;5;13:*.wmv=38;5;13:*.asf=38;5;13:*.rm=38;5;13:*.rmvb=38;5;13:*.flc=38;5;13:*.avi=38;5;13:*.fli=38;5;13:*.flv=38;5;13:*.gl=38;5;13:*.dl=38;5;13:*.xcf=38;5;13:*.xwd=38;5;13:*.yuv=38;5;13:*.cgm=38;5;13:*.emf=38;5;13:*.axv=38;5;13:*.anx=38;5;13:*.ogv=38;5;13:*.ogx=38;5;13:*.aac=38;5;45:*.au=38;5;45:*.flac=38;5;45:*.mid=38;5;45:*.midi=38;5;45:*.mka=38;5;45:*.mp3=38;5;45:*.mpc=38;5;45:*.ogg=38;5;45:*.ra=38;5;45:*.wav=38;5;45:*.axa=38;5;45:*.oga=38;5;45:*.spx=38;5;45:*.xspf=38;5;45:
MAIL=/var/spool/mail/shp176
MANPATH=/ihome/crc/install/zlib/1.2.11/gcc/8.2.0/share/man:/ihome/crc/install/openmpi/4.0.3/gcc-8.2.0/share/man:/ihome/crc/install/gcc/8.2.0/share/man:/ihome/crc/install/cuda/11.6.1/doc/man:/ihome/crc/install/lmod/lmod/share/man::
MKDIR=/bin/mkdir
MODULEPATH=/ihome/crc/modules/Core
MODULEPATH_ROOT=/ihome/crc/modules
MODULESHOME=/ihome/crc/install/lmod/lmod
MPI_ROOT=/ihome/crc/install/openmpi/4.0.3/gcc-8.2.0
NODELOC=/scratch/slurm-777413
OLDPWD=/ihome/ssaxena/shp176/bgfs/we_1lst_03
OMPI_MCA_mpi_warn_on_fork=0
OPENMPI_ROOT=/ihome/crc/install/openmpi/4.0.3/gcc-8.2.0
PASTE=/usr/bin/paste
PATH=/ihome/crc/install/amber/amber22/amber22/bin:/ihome/crc/install/openmpi/4.0.3/gcc-8.2.0/bin:/ihome/crc/install/gcc/8.2.0/bin:/ihome/crc/install/cuda/11.6.1/bin:/ihome/ssaxena/shp176/anaconda3/envs/we/bin:/ihome/ssaxena/shp176/anaconda3/condabin:/usr/lib64/qt-3.3/bin:/usr/local/bin:/usr/bin:/usr/local/sbin:/usr/sbin:/ihome/crc/pipx/bin:/ihome/ssaxena/shp176/.local/bin:/ihome/ssaxena/shp176/bin:/ihome/crc/pipx/bin
PERL5LIB=/ihome/crc/install/amber/amber22/amber22/lib/perl
PERL=/usr/bin/perl
PKG_CONFIG_PATH=/ihome/crc/install/openmpi/4.0.3/gcc-8.2.0/lib/pkgconfig
PMEMD=/ihome/crc/install/amber/amber22/amber22/bin/pmemd.cuda
PWD=/bgfs/ssaxena/shp176/we_1lst_03
PYTHONPATH=/ihome/crc/install/amber/amber22/amber22/lib/python3.9/site-packages
QTDIR=/usr/lib64/qt-3.3
QTINC=/usr/lib64/qt-3.3/include
QTLIB=/usr/lib64/qt-3.3/lib
QT_GRAPHICSSYSTEM_CHECKED=1
QT_PLUGIN_PATH=/usr/lib64/kde4/plugins:/usr/lib/kde4/plugins
RM=/bin/rm
ROCR_VISIBLE_DEVICES=0,1,2,3
SED=/bin/sed
SHELL=/bin/bash
SHLVL=2
SIM_NAME=we_1lst_03
SLURMD_NODENAME=gpu-n45
SLURM_CLUSTER_NAME=gpu
SLURM_CONF=/etc/slurm/slurm.conf
SLURM_CPUS_ON_NODE=64
SLURM_GPUS_ON_NODE=4
SLURM_GTIDS=0
SLURM_JOBID=777413
SLURM_JOB_ACCOUNT=ssaxena
SLURM_JOB_CPUS_PER_NODE=64(x2)
SLURM_JOB_GID=16040
SLURM_JOB_GPUS=0,1,2,3
SLURM_JOB_ID=777413
SLURM_JOB_NAME=03_1lst
SLURM_JOB_NODELIST=gpu-n[45-46]
SLURM_JOB_NUM_NODES=2
SLURM_JOB_PARTITION=a100_multi
SLURM_JOB_QOS=gpu-a100_multi-n
SLURM_JOB_UID=158042
SLURM_JOB_USER=shp176
SLURM_LOCALID=0
SLURM_MEM_PER_CPU=8000
SLURM_NNODES=2
SLURM_NODEID=0
SLURM_NODELIST=gpu-n[45-46]
SLURM_NODE_ALIASES=(null)
SLURM_NPROCS=8
SLURM_NTASKS=8
SLURM_NTASKS_PER_NODE=4
SLURM_PRIO_PROCESS=0
SLURM_PROCID=0
SLURM_SCRATCH=/scratch/slurm-777413
SLURM_SCRIPT_CONTEXT=prolog_task
SLURM_SUBMIT_DIR=/bgfs/ssaxena/shp176/we_1lst_03
SLURM_SUBMIT_HOST=login0.crc.pitt.edu
SLURM_TASKS_PER_NODE=4(x2)
SLURM_TASK_PID=22851
SLURM_TOPOLOGY_ADDR=gpu-n45
SLURM_TOPOLOGY_ADDR_PATTERN=node
SLURM_WORKING_CLUSTER=gpu:10.201.0.94:6817:9728:109
SORT=/usr/bin/sort
SSH_ASKPASS=/usr/libexec/openssh/gnome-ssh-askpass
SSH_CLIENT=10.4.43.110 61794 22
SSH_CONNECTION=10.4.43.110 61794 136.142.28.136 22
SSH_TTY=/dev/pts/49
TAR=/bin/tar
TERM=xterm-256color
TMPDIR=/scratch/slurm-777413
TR=/usr/bin/tr
UNIQ=/usr/bin/uniq
USER=shp176
USE_LOCAL_SCRATCH=1
WEST_SIM_ROOT=/bgfs/ssaxena/shp176/we_1lst_03
WM_ZMQ_MASTER_HEARTBEAT=100
WM_ZMQ_TIMEOUT_FACTOR=300
WM_ZMQ_WORKER_HEARTBEAT=100
XDG_DATA_DIRS=/ihome/ssaxena/shp176/.local/share/flatpak/exports/share:/var/lib/flatpak/exports/share:/usr/local/share:/usr/share
XDG_RUNTIME_DIR=/run/user/158042
XDG_SESSION_ID=4322
ZE_AFFINITY_MASK=0,1,2,3
ZLIB_HOME=/ihome/crc/install/zlib/1.2.11/gcc/8.2.0
ZSH=/bin/zsh
_=/usr/bin/env
_CE_CONDA=
_CE_M=
_LMFILES_=/ihome/crc/modules/Core/cuda/11.6.1.lua:/ihome/crc/modules/Core/gcc/8.2.0.lua:/ihome/crc/modules/Compiler/gcc/8.2.0/openmpi/4.0.3.lua:/ihome/crc/modules/Compiler/gcc/8.2.0/zlib/1.2.11.lua:/ihome/crc/modules/MPI/gcc/8.2.0/openmpi/4.0.3/amber/22.lua
_ModuleTable001_=X01vZHVsZVRhYmxlXz17WyJhY3RpdmVTaXplIl09NSxiYXNlTXBhdGhBPXsiL2lob21lL2NyYy9tb2R1bGVzL0NvcmUiLH0sWyJjX3JlYnVpbGRUaW1lIl09ZmFsc2UsWyJjX3Nob3J0VGltZSJdPWZhbHNlLGZhbWlseT17fSxpbmFjdGl2ZT17fSxtVD17YW1iZXI9e1siRk4iXT0iL2lob21lL2NyYy9tb2R1bGVzL01QSS9nY2MvOC4yLjAvb3Blbm1waS80LjAuMy9hbWJlci8yMi5sdWEiLFsiZGVmYXVsdCJdPTAsWyJmdWxsTmFtZSJdPSJhbWJlci8yMiIsWyJsb2FkT3JkZXIiXT01LHByb3BUPXt9LFsic2hvcnQiXT0iYW1iZXIiLFsic3RhdHVzIl09ImFjdGl2ZSIsfSxjdWRhPXtbIkZOIl09Ii9paG9tZS9jcmMvbW9kdWxlcy9Db3JlL2N1ZGEvMTEuNi4xLmx1YSIsWyJkZWZh
_ModuleTable002_=dWx0Il09MCxbImZ1bGxOYW1lIl09ImN1ZGEvMTEuNi4xIixbImxvYWRPcmRlciJdPTEscHJvcFQ9e30sWyJzaG9ydCJdPSJjdWRhIixbInN0YXR1cyJdPSJhY3RpdmUiLH0sZ2NjPXtbIkZOIl09Ii9paG9tZS9jcmMvbW9kdWxlcy9Db3JlL2djYy84LjIuMC5sdWEiLFsiZGVmYXVsdCJdPTAsWyJmdWxsTmFtZSJdPSJnY2MvOC4yLjAiLFsibG9hZE9yZGVyIl09Mixwcm9wVD17fSxbInNob3J0Il09ImdjYyIsWyJzdGF0dXMiXT0iYWN0aXZlIix9LG9wZW5tcGk9e1siRk4iXT0iL2lob21lL2NyYy9tb2R1bGVzL0NvbXBpbGVyL2djYy84LjIuMC9vcGVubXBpLzQuMC4zLmx1YSIsWyJkZWZhdWx0Il09MCxbImZ1bGxOYW1lIl09Im9wZW5tcGkvNC4wLjMiLFsibG9hZE9yZGVyIl09
_ModuleTable003_=Myxwcm9wVD17fSxbInNob3J0Il09Im9wZW5tcGkiLFsic3RhdHVzIl09ImFjdGl2ZSIsfSx6bGliPXtbIkZOIl09Ii9paG9tZS9jcmMvbW9kdWxlcy9Db21waWxlci9nY2MvOC4yLjAvemxpYi8xLjIuMTEubHVhIixbImRlZmF1bHQiXT0wLFsiZnVsbE5hbWUiXT0iemxpYi8xLjIuMTEiLFsibG9hZE9yZGVyIl09NCxwcm9wVD17fSxbInNob3J0Il09InpsaWIiLFsic3RhdHVzIl09ImFjdGl2ZSIsfSx9LG1wYXRoQT17Ii9paG9tZS9jcmMvbW9kdWxlcy9NUEkvZ2NjLzguMi4wL29wZW5tcGkvNC4wLjMiLCIvaWhvbWUvY3JjL21vZHVsZXMvQ29tcGlsZXIvZ2NjLzguMi4wIiwiL2lob21lL2NyYy9tb2R1bGVzL0NvbXBpbGVyL2N1ZGEvMTEuNi4xIiwiL2lob21lL2NyYy9tb2R1
_ModuleTable004_=bGVzL0NvcmUiLH0sWyJzeXN0ZW1CYXNlTVBBVEgiXT0iL2lob21lL2NyYy9tb2R1bGVzL0NvcmUiLFsidmVyc2lvbiJdPTIsfQ==
_ModuleTable_Sz_=4
}
}
== server info file /bgfs/ssaxena/shp176/we_1lst_03/west_zmq_info-777413.json ==
{"rr_endpoint": "tcp://gpu-n45.crc.pitt.edu:48466", "ann_endpoint": "tcp://gpu-n45.crc.pitt.edu:35286"}simulation we_1lst_03 root is /bgfs/ssaxena/shp176/we_1lst_03
starting WEST client processes on: 
gpu-n45.crc.pitt.edu
current directory is /bgfs/ssaxena/shp176/we_1lst_03
environment is: 
 [ $? = 0 ] && eval $(${LMOD_SETTARG_CMD:-:} -s sh)
AMBERHOME=/ihome/crc/install/amber/amber22/amber22
AWK=/usr/bin/awk
BASH=/bin/bash
BASH_ENV=/ihome/crc/install/lmod/lmod/init/bash
BASH_FUNC_ml()=() {  eval $($LMOD_DIR/ml_cmd "$@")
BASH_FUNC_module()=() {  eval $($LMOD_CMD bash "$@");
CAT=/bin/cat
CMAKE_PREFIX_PATH=/ihome/crc/install/openmpi/4.0.3/gcc-8.2.0:/ihome/crc/install/cuda/11.6.1
CONDA_DEFAULT_ENV=we
CONDA_EXE=/ihome/ssaxena/shp176/anaconda3/bin/conda
CONDA_PREFIX=/ihome/ssaxena/shp176/anaconda3/envs/we
CONDA_PREFIX_1=/ihome/ssaxena/shp176/anaconda3
CONDA_PROMPT_MODIFIER=(we) 
CONDA_PYTHON_EXE=/ihome/ssaxena/shp176/anaconda3/bin/python
CONDA_SHLVL=2
CP=/bin/cp
CPATH=/ihome/crc/install/zlib/1.2.11/gcc/8.2.0/include:/ihome/crc/install/openmpi/4.0.3/gcc-8.2.0/include:/ihome/crc/install/gcc/8.2.0/lib/gcc/x86_64-pc-linux-gnu/8.2.0/include:/ihome/crc/install/gcc/8.2.0/include
CPLUS_INCLUDE_PATH=/ihome/crc/install/zlib/1.2.11/gcc/8.2.0/include
CUDAROOT=/ihome/crc/install/cuda/11.6.1
CUDA_ROOT=/ihome/crc/install/cuda/11.6.1
CUDA_VISIBLE_DEVICES_ALLOCATED=0,1,2,3
CUT=/usr/bin/cut
C_INCLUDE_PATH=/ihome/crc/install/zlib/1.2.11/gcc/8.2.0/include
DATE=/bin/date
ECHO=/bin/echo
GCC_ROOT=/ihome/crc/install/gcc/8.2.0
GREP=/bin/grep
HEAD=/usr/bin/head
HISTCONTROL=ignoredups
HISTSIZE=1000
HOME=/ihome/ssaxena/shp176
HOSTNAME=gpu-n45.crc.pitt.edu
IFCONFIG=/bin/ifconfig
INCLUDEPATH=/ihome/crc/install/openmpi/4.0.3/gcc-8.2.0/include
INCLUDE_PATH=/ihome/crc/install/openmpi/4.0.3/gcc-8.2.0/include:/ihome/crc/install/gcc/8.2.0/lib/gcc/x86_64-pc-linux-gnu/8.2.0/include:/ihome/crc/install/gcc/8.2.0/include
LANG=C.UTF-8
LD_LIBRARY_PATH=/ihome/crc/install/amber/amber22/amber22/lib:/ihome/crc/install/zlib/1.2.11/gcc/8.2.0/lib:/ihome/crc/install/openmpi/4.0.3/gcc-8.2.0/lib:/ihome/crc/install/gcc/8.2.0/lib/gcc/x86_64-pc-linux-gnu/8.2.0:/ihome/crc/install/gcc/8.2.0/lib64:/usr/lib64:/ihome/crc/install/cuda/11.6.1/lib64/stubs:/ihome/crc/install/cuda/11.6.1/lib64
LD_RUN_PATH=/ihome/crc/install/zlib/1.2.11/gcc/8.2.0/lib:/ihome/crc/install/gcc/8.2.0/lib64
LESSOPEN=||/usr/bin/lesspipe.sh %s
LIBPATH=/ihome/crc/install/gcc/8.2.0/lib/gcc/x86_64-pc-linux-gnu/8.2.0
LIBRARY_PATH=/ihome/crc/install/zlib/1.2.11/gcc/8.2.0/lib:/ihome/crc/install/gcc/8.2.0/lib/gcc/x86_64-pc-linux-gnu/8.2.0:/ihome/crc/install/gcc/8.2.0/lib64:/usr/lib64:/ihome/crc/install/cuda/11.6.1/lib64/stubs:/ihome/crc/install/cuda/11.6.1/lib64
LMOD_CMD=/ihome/crc/install/lmod/lmod/libexec/lmod
LMOD_COLORIZE=yes
LMOD_DEFAULT_MODULEPATH=/ihome/crc/modules/Core
LMOD_DIR=/ihome/crc/install/lmod/lmod/libexec
LMOD_FULL_SETTARG_SUPPORT=no
LMOD_PKG=/ihome/crc/install/lmod/lmod
LMOD_PREPEND_BLOCK=normal
LMOD_SETTARG_CMD=:
LMOD_VERSION=6.6.3
LMOD_arch=x86_64
LMOD_sys=Linux
LN=/bin/ln
LOADEDMODULES=cuda/11.6.1:gcc/8.2.0:openmpi/4.0.3:zlib/1.2.11:amber/22
LOGNAME=shp176
MAIL=/var/spool/mail/shp176
MANPATH=/ihome/crc/install/zlib/1.2.11/gcc/8.2.0/share/man:/ihome/crc/install/openmpi/4.0.3/gcc-8.2.0/share/man:/ihome/crc/install/gcc/8.2.0/share/man:/ihome/crc/install/cuda/11.6.1/doc/man:/ihome/crc/install/lmod/lmod/share/man::
MKDIR=/bin/mkdir
MODULEPATH=/ihome/crc/modules/MPI/gcc/8.2.0/openmpi/4.0.3:/ihome/crc/modules/Compiler/gcc/8.2.0:/ihome/crc/modules/Compiler/cuda/11.6.1:/ihome/crc/modules/Core
MODULEPATH_ROOT=/ihome/crc/modules
MODULESHOME=/ihome/crc/install/lmod/lmod
MPI_ROOT=/ihome/crc/install/openmpi/4.0.3/gcc-8.2.0
NODELOC=
OLDPWD=/ihome/ssaxena/shp176
OMPI_MCA_mpi_warn_on_fork=0
OPENMPI_ROOT=/ihome/crc/install/openmpi/4.0.3/gcc-8.2.0
PASTE=/usr/bin/paste
PATH=/ihome/crc/install/amber/amber22/amber22/bin:/ihome/crc/install/openmpi/4.0.3/gcc-8.2.0/bin:/ihome/crc/install/gcc/8.2.0/bin:/ihome/crc/install/cuda/11.6.1/bin:/ihome/ssaxena/shp176/anaconda3/envs/we/bin:/ihome/ssaxena/shp176/anaconda3/condabin:/usr/local/bin:/usr/bin:/ihome/crc/pipx/bin:/usr/local/sbin:/usr/sbin:/ihome/crc/pipx/bin:/ihome/ssaxena/shp176/.local/bin:/ihome/ssaxena/shp176/bin
PERL5LIB=/ihome/crc/install/amber/amber22/amber22/lib/perl
PERL=/usr/bin/perl
PKG_CONFIG_PATH=/ihome/crc/install/openmpi/4.0.3/gcc-8.2.0/lib/pkgconfig
PMEMD=/ihome/crc/install/amber/amber22/amber22/bin/pmemd.cuda
PWD=/bgfs/ssaxena/shp176/we_1lst_03
PYTHONPATH=/ihome/crc/install/amber/amber22/amber22/lib/python3.9/site-packages
RM=/bin/rm
SED=/bin/sed
SHELL=/bin/bash
SHLVL=2
SIM_NAME=we_1lst_03
SLURM_NODENAME=gpu-n45
SORT=/usr/bin/sort
SSH_ASKPASS=/usr/libexec/openssh/gnome-ssh-askpass
SSH_CLIENT=10.201.2.224 35076 22
SSH_CONNECTION=10.201.2.224 35076 10.201.2.224 22
TAR=/bin/tar
TR=/usr/bin/tr
UNIQ=/usr/bin/uniq
USER=shp176
USE_LOCAL_SCRATCH=1
WEST_JOBID=777413
WEST_SIM_ROOT=/bgfs/ssaxena/shp176/we_1lst_03
WM_ZMQ_MASTER_HEARTBEAT=100
WM_ZMQ_TIMEOUT_FACTOR=300
WM_ZMQ_WORKER_HEARTBEAT=100
XDG_DATA_DIRS=/ihome/ssaxena/shp176/.local/share/flatpak/exports/share:/var/lib/flatpak/exports/share:/usr/local/share:/usr/share
XDG_RUNTIME_DIR=/run/user/158042
XDG_SESSION_ID=24926
ZLIB_HOME=/ihome/crc/install/zlib/1.2.11/gcc/8.2.0
ZSH=/bin/zsh
_=/usr/bin/env
_CE_CONDA=
_CE_M=
_LMFILES_=/ihome/crc/modules/Core/cuda/11.6.1.lua:/ihome/crc/modules/Core/gcc/8.2.0.lua:/ihome/crc/modules/Compiler/gcc/8.2.0/openmpi/4.0.3.lua:/ihome/crc/modules/Compiler/gcc/8.2.0/zlib/1.2.11.lua:/ihome/crc/modules/MPI/gcc/8.2.0/openmpi/4.0.3/amber/22.lua
_ModuleTable001_=X01vZHVsZVRhYmxlXz17WyJhY3RpdmVTaXplIl09NSxiYXNlTXBhdGhBPXsiL2lob21lL2NyYy9tb2R1bGVzL0NvcmUiLH0sWyJjX3JlYnVpbGRUaW1lIl09ZmFsc2UsWyJjX3Nob3J0VGltZSJdPWZhbHNlLGZhbWlseT17fSxpbmFjdGl2ZT17fSxtVD17YW1iZXI9e1siRk4iXT0iL2lob21lL2NyYy9tb2R1bGVzL01QSS9nY2MvOC4yLjAvb3Blbm1waS80LjAuMy9hbWJlci8yMi5sdWEiLFsiZGVmYXVsdCJdPTAsWyJmdWxsTmFtZSJdPSJhbWJlci8yMiIsWyJsb2FkT3JkZXIiXT01LHByb3BUPXt9LFsic2hvcnQiXT0iYW1iZXIiLFsic3RhdHVzIl09ImFjdGl2ZSIsfSxjdWRhPXtbIkZOIl09Ii9paG9tZS9jcmMvbW9kdWxlcy9Db3JlL2N1ZGEvMTEuNi4xLmx1YSIsWyJkZWZh
_ModuleTable002_=dWx0Il09MCxbImZ1bGxOYW1lIl09ImN1ZGEvMTEuNi4xIixbImxvYWRPcmRlciJdPTEscHJvcFQ9e30sWyJzaG9ydCJdPSJjdWRhIixbInN0YXR1cyJdPSJhY3RpdmUiLH0sZ2NjPXtbIkZOIl09Ii9paG9tZS9jcmMvbW9kdWxlcy9Db3JlL2djYy84LjIuMC5sdWEiLFsiZGVmYXVsdCJdPTAsWyJmdWxsTmFtZSJdPSJnY2MvOC4yLjAiLFsibG9hZE9yZGVyIl09Mixwcm9wVD17fSxbInNob3J0Il09ImdjYyIsWyJzdGF0dXMiXT0iYWN0aXZlIix9LG9wZW5tcGk9e1siRk4iXT0iL2lob21lL2NyYy9tb2R1bGVzL0NvbXBpbGVyL2djYy84LjIuMC9vcGVubXBpLzQuMC4zLmx1YSIsWyJkZWZhdWx0Il09MCxbImZ1bGxOYW1lIl09Im9wZW5tcGkvNC4wLjMiLFsibG9hZE9yZGVyIl09
_ModuleTable003_=Myxwcm9wVD17fSxbInNob3J0Il09Im9wZW5tcGkiLFsic3RhdHVzIl09ImFjdGl2ZSIsfSx6bGliPXtbIkZOIl09Ii9paG9tZS9jcmMvbW9kdWxlcy9Db21waWxlci9nY2MvOC4yLjAvemxpYi8xLjIuMTEubHVhIixbImRlZmF1bHQiXT0wLFsiZnVsbE5hbWUiXT0iemxpYi8xLjIuMTEiLFsibG9hZE9yZGVyIl09NCxwcm9wVD17fSxbInNob3J0Il09InpsaWIiLFsic3RhdHVzIl09ImFjdGl2ZSIsfSx9LG1wYXRoQT17Ii9paG9tZS9jcmMvbW9kdWxlcy9NUEkvZ2NjLzguMi4wL29wZW5tcGkvNC4wLjMiLCIvaWhvbWUvY3JjL21vZHVsZXMvQ29tcGlsZXIvZ2NjLzguMi4wIiwiL2lob21lL2NyYy9tb2R1bGVzL0NvbXBpbGVyL2N1ZGEvMTEuNi4xIiwiL2lob21lL2NyYy9tb2R1
_ModuleTable004_=bGVzL0NvcmUiLH0sWyJzeXN0ZW1CYXNlTVBBVEgiXT0iL2lob21lL2NyYy9tb2R1bGVzL0NvcmUiLFsidmVyc2lvbiJdPTIsfQ==
_ModuleTable_Sz_=4
}
}
simulation we_1lst_03 root is /bgfs/ssaxena/shp176/we_1lst_03
starting WEST client processes on: 
gpu-n46.crc.pitt.edu
current directory is /bgfs/ssaxena/shp176/we_1lst_03
environment is: 
 [ $? = 0 ] && eval $(${LMOD_SETTARG_CMD:-:} -s sh)
AMBERHOME=/ihome/crc/install/amber/amber22/amber22
AWK=/usr/bin/awk
BASH=/bin/bash
BASH_ENV=/ihome/crc/install/lmod/lmod/init/bash
BASH_FUNC_ml()=() {  eval $($LMOD_DIR/ml_cmd "$@")
BASH_FUNC_module()=() {  eval $($LMOD_CMD bash "$@");
CAT=/bin/cat
CMAKE_PREFIX_PATH=/ihome/crc/install/openmpi/4.0.3/gcc-8.2.0:/ihome/crc/install/cuda/11.6.1
CONDA_DEFAULT_ENV=we
CONDA_EXE=/ihome/ssaxena/shp176/anaconda3/bin/conda
CONDA_PREFIX=/ihome/ssaxena/shp176/anaconda3/envs/we
CONDA_PREFIX_1=/ihome/ssaxena/shp176/anaconda3
CONDA_PROMPT_MODIFIER=(we) 
CONDA_PYTHON_EXE=/ihome/ssaxena/shp176/anaconda3/bin/python
CONDA_SHLVL=2
CP=/bin/cp
CPATH=/ihome/crc/install/zlib/1.2.11/gcc/8.2.0/include:/ihome/crc/install/openmpi/4.0.3/gcc-8.2.0/include:/ihome/crc/install/gcc/8.2.0/lib/gcc/x86_64-pc-linux-gnu/8.2.0/include:/ihome/crc/install/gcc/8.2.0/include
CPLUS_INCLUDE_PATH=/ihome/crc/install/zlib/1.2.11/gcc/8.2.0/include
CUDAROOT=/ihome/crc/install/cuda/11.6.1
CUDA_ROOT=/ihome/crc/install/cuda/11.6.1
CUDA_VISIBLE_DEVICES_ALLOCATED=0,1,2,3
CUT=/usr/bin/cut
C_INCLUDE_PATH=/ihome/crc/install/zlib/1.2.11/gcc/8.2.0/include
DATE=/bin/date
ECHO=/bin/echo
GCC_ROOT=/ihome/crc/install/gcc/8.2.0
GREP=/bin/grep
HEAD=/usr/bin/head
HISTCONTROL=ignoredups
HISTSIZE=1000
HOME=/ihome/ssaxena/shp176
HOSTNAME=gpu-n46.crc.pitt.edu
IFCONFIG=/bin/ifconfig
INCLUDEPATH=/ihome/crc/install/openmpi/4.0.3/gcc-8.2.0/include
INCLUDE_PATH=/ihome/crc/install/openmpi/4.0.3/gcc-8.2.0/include:/ihome/crc/install/gcc/8.2.0/lib/gcc/x86_64-pc-linux-gnu/8.2.0/include:/ihome/crc/install/gcc/8.2.0/include
LANG=C.UTF-8
LD_LIBRARY_PATH=/ihome/crc/install/amber/amber22/amber22/lib:/ihome/crc/install/zlib/1.2.11/gcc/8.2.0/lib:/ihome/crc/install/openmpi/4.0.3/gcc-8.2.0/lib:/ihome/crc/install/gcc/8.2.0/lib/gcc/x86_64-pc-linux-gnu/8.2.0:/ihome/crc/install/gcc/8.2.0/lib64:/usr/lib64:/ihome/crc/install/cuda/11.6.1/lib64/stubs:/ihome/crc/install/cuda/11.6.1/lib64
LD_RUN_PATH=/ihome/crc/install/zlib/1.2.11/gcc/8.2.0/lib:/ihome/crc/install/gcc/8.2.0/lib64
LESSOPEN=||/usr/bin/lesspipe.sh %s
LIBPATH=/ihome/crc/install/gcc/8.2.0/lib/gcc/x86_64-pc-linux-gnu/8.2.0
LIBRARY_PATH=/ihome/crc/install/zlib/1.2.11/gcc/8.2.0/lib:/ihome/crc/install/gcc/8.2.0/lib/gcc/x86_64-pc-linux-gnu/8.2.0:/ihome/crc/install/gcc/8.2.0/lib64:/usr/lib64:/ihome/crc/install/cuda/11.6.1/lib64/stubs:/ihome/crc/install/cuda/11.6.1/lib64
LMOD_CMD=/ihome/crc/install/lmod/lmod/libexec/lmod
LMOD_COLORIZE=yes
LMOD_DEFAULT_MODULEPATH=/ihome/crc/modules/Core
LMOD_DIR=/ihome/crc/install/lmod/lmod/libexec
LMOD_FULL_SETTARG_SUPPORT=no
LMOD_PKG=/ihome/crc/install/lmod/lmod
LMOD_PREPEND_BLOCK=normal
LMOD_SETTARG_CMD=:
LMOD_VERSION=6.6.3
LMOD_arch=x86_64
LMOD_sys=Linux
LN=/bin/ln
LOADEDMODULES=cuda/11.6.1:gcc/8.2.0:openmpi/4.0.3:zlib/1.2.11:amber/22
LOGNAME=shp176
MAIL=/var/spool/mail/shp176
MANPATH=/ihome/crc/install/zlib/1.2.11/gcc/8.2.0/share/man:/ihome/crc/install/openmpi/4.0.3/gcc-8.2.0/share/man:/ihome/crc/install/gcc/8.2.0/share/man:/ihome/crc/install/cuda/11.6.1/doc/man:/ihome/crc/install/lmod/lmod/share/man::
MKDIR=/bin/mkdir
MODULEPATH=/ihome/crc/modules/MPI/gcc/8.2.0/openmpi/4.0.3:/ihome/crc/modules/Compiler/gcc/8.2.0:/ihome/crc/modules/Compiler/cuda/11.6.1:/ihome/crc/modules/Core
MODULEPATH_ROOT=/ihome/crc/modules
MODULESHOME=/ihome/crc/install/lmod/lmod
MPI_ROOT=/ihome/crc/install/openmpi/4.0.3/gcc-8.2.0
NODELOC=
OLDPWD=/ihome/ssaxena/shp176
OMPI_MCA_mpi_warn_on_fork=0
OPENMPI_ROOT=/ihome/crc/install/openmpi/4.0.3/gcc-8.2.0
PASTE=/usr/bin/paste
PATH=/ihome/crc/install/amber/amber22/amber22/bin:/ihome/crc/install/openmpi/4.0.3/gcc-8.2.0/bin:/ihome/crc/install/gcc/8.2.0/bin:/ihome/crc/install/cuda/11.6.1/bin:/ihome/ssaxena/shp176/anaconda3/envs/we/bin:/ihome/ssaxena/shp176/anaconda3/condabin:/usr/local/bin:/usr/bin:/ihome/crc/pipx/bin:/usr/local/sbin:/usr/sbin:/ihome/crc/pipx/bin:/ihome/ssaxena/shp176/.local/bin:/ihome/ssaxena/shp176/bin
PERL5LIB=/ihome/crc/install/amber/amber22/amber22/lib/perl
PERL=/usr/bin/perl
PKG_CONFIG_PATH=/ihome/crc/install/openmpi/4.0.3/gcc-8.2.0/lib/pkgconfig
PMEMD=/ihome/crc/install/amber/amber22/amber22/bin/pmemd.cuda
PWD=/bgfs/ssaxena/shp176/we_1lst_03
PYTHONPATH=/ihome/crc/install/amber/amber22/amber22/lib/python3.9/site-packages
RM=/bin/rm
SED=/bin/sed
SHELL=/bin/bash
SHLVL=2
SIM_NAME=we_1lst_03
SLURM_NODENAME=gpu-n46
SORT=/usr/bin/sort
SSH_ASKPASS=/usr/libexec/openssh/gnome-ssh-askpass
SSH_CLIENT=10.201.2.224 52842 22
SSH_CONNECTION=10.201.2.224 52842 10.201.2.225 22
TAR=/bin/tar
TR=/usr/bin/tr
UNIQ=/usr/bin/uniq
USER=shp176
USE_LOCAL_SCRATCH=1
WEST_JOBID=777413
WEST_SIM_ROOT=/bgfs/ssaxena/shp176/we_1lst_03
WM_ZMQ_MASTER_HEARTBEAT=100
WM_ZMQ_TIMEOUT_FACTOR=300
WM_ZMQ_WORKER_HEARTBEAT=100
XDG_DATA_DIRS=/ihome/ssaxena/shp176/.local/share/flatpak/exports/share:/var/lib/flatpak/exports/share:/usr/local/share:/usr/share
XDG_RUNTIME_DIR=/run/user/158042
XDG_SESSION_ID=24924
ZLIB_HOME=/ihome/crc/install/zlib/1.2.11/gcc/8.2.0
ZSH=/bin/zsh
_=/usr/bin/env
_CE_CONDA=
_CE_M=
_LMFILES_=/ihome/crc/modules/Core/cuda/11.6.1.lua:/ihome/crc/modules/Core/gcc/8.2.0.lua:/ihome/crc/modules/Compiler/gcc/8.2.0/openmpi/4.0.3.lua:/ihome/crc/modules/Compiler/gcc/8.2.0/zlib/1.2.11.lua:/ihome/crc/modules/MPI/gcc/8.2.0/openmpi/4.0.3/amber/22.lua
_ModuleTable001_=X01vZHVsZVRhYmxlXz17WyJhY3RpdmVTaXplIl09NSxiYXNlTXBhdGhBPXsiL2lob21lL2NyYy9tb2R1bGVzL0NvcmUiLH0sWyJjX3JlYnVpbGRUaW1lIl09ZmFsc2UsWyJjX3Nob3J0VGltZSJdPWZhbHNlLGZhbWlseT17fSxpbmFjdGl2ZT17fSxtVD17YW1iZXI9e1siRk4iXT0iL2lob21lL2NyYy9tb2R1bGVzL01QSS9nY2MvOC4yLjAvb3Blbm1waS80LjAuMy9hbWJlci8yMi5sdWEiLFsiZGVmYXVsdCJdPTAsWyJmdWxsTmFtZSJdPSJhbWJlci8yMiIsWyJsb2FkT3JkZXIiXT01LHByb3BUPXt9LFsic2hvcnQiXT0iYW1iZXIiLFsic3RhdHVzIl09ImFjdGl2ZSIsfSxjdWRhPXtbIkZOIl09Ii9paG9tZS9jcmMvbW9kdWxlcy9Db3JlL2N1ZGEvMTEuNi4xLmx1YSIsWyJkZWZh
_ModuleTable002_=dWx0Il09MCxbImZ1bGxOYW1lIl09ImN1ZGEvMTEuNi4xIixbImxvYWRPcmRlciJdPTEscHJvcFQ9e30sWyJzaG9ydCJdPSJjdWRhIixbInN0YXR1cyJdPSJhY3RpdmUiLH0sZ2NjPXtbIkZOIl09Ii9paG9tZS9jcmMvbW9kdWxlcy9Db3JlL2djYy84LjIuMC5sdWEiLFsiZGVmYXVsdCJdPTAsWyJmdWxsTmFtZSJdPSJnY2MvOC4yLjAiLFsibG9hZE9yZGVyIl09Mixwcm9wVD17fSxbInNob3J0Il09ImdjYyIsWyJzdGF0dXMiXT0iYWN0aXZlIix9LG9wZW5tcGk9e1siRk4iXT0iL2lob21lL2NyYy9tb2R1bGVzL0NvbXBpbGVyL2djYy84LjIuMC9vcGVubXBpLzQuMC4zLmx1YSIsWyJkZWZhdWx0Il09MCxbImZ1bGxOYW1lIl09Im9wZW5tcGkvNC4wLjMiLFsibG9hZE9yZGVyIl09
_ModuleTable003_=Myxwcm9wVD17fSxbInNob3J0Il09Im9wZW5tcGkiLFsic3RhdHVzIl09ImFjdGl2ZSIsfSx6bGliPXtbIkZOIl09Ii9paG9tZS9jcmMvbW9kdWxlcy9Db21waWxlci9nY2MvOC4yLjAvemxpYi8xLjIuMTEubHVhIixbImRlZmF1bHQiXT0wLFsiZnVsbE5hbWUiXT0iemxpYi8xLjIuMTEiLFsibG9hZE9yZGVyIl09NCxwcm9wVD17fSxbInNob3J0Il09InpsaWIiLFsic3RhdHVzIl09ImFjdGl2ZSIsfSx9LG1wYXRoQT17Ii9paG9tZS9jcmMvbW9kdWxlcy9NUEkvZ2NjLzguMi4wL29wZW5tcGkvNC4wLjMiLCIvaWhvbWUvY3JjL21vZHVsZXMvQ29tcGlsZXIvZ2NjLzguMi4wIiwiL2lob21lL2NyYy9tb2R1bGVzL0NvbXBpbGVyL2N1ZGEvMTEuNi4xIiwiL2lob21lL2NyYy9tb2R1
_ModuleTable004_=bGVzL0NvcmUiLH0sWyJzeXN0ZW1CYXNlTVBBVEgiXT0iL2lob21lL2NyYy9tb2R1bGVzL0NvcmUiLFsidmVyc2lvbiJdPTIsfQ==
_ModuleTable_Sz_=4
}
}
Shutting down.  Hopefully this was on purpose?
Shutting down.  Hopefully this was on purpose?
