Updating system with the options from the configuration file
Maximum wallclock time: 2 days, 23:59:59

Wed Feb  7 16:39:57 2024
Iteration 1 (500 requested)
Beginning iteration 1
4 segments remain in iteration 1 (4 total)
1 of 40 (2.500000%) active bins are populated
per-bin minimum non-zero probability:       1
per-bin maximum probability:                1
per-bin probability dynamic range (kT):     0
per-segment minimum non-zero probability:   0.25
per-segment maximum non-zero probability:   0.25
per-segment probability dynamic range (kT): 0
norm = 1, error in norm = 0 (0*epsilon)
MAB binning in use
Bottleneck bin occupancy may not be accurately reported
Waiting for segments to complete...
Iteration completed successfully
Iteration wallclock: 0:03:34.701259, cputime: 0:03:38.710348


Wed Feb  7 16:43:31 2024
Iteration 2 (500 requested)
Beginning iteration 2
16 segments remain in iteration 2 (16 total)
4 of 40 (10.000000%) active bins are populated
per-bin minimum non-zero probability:       0.25
per-bin maximum probability:                0.25
per-bin probability dynamic range (kT):     0
per-segment minimum non-zero probability:   0.0625
per-segment maximum non-zero probability:   0.0625
per-segment probability dynamic range (kT): 0
norm = 1, error in norm = 0 (0*epsilon)
MAB binning in use
Bottleneck bin occupancy may not be accurately reported
Waiting for segments to complete...
Iteration completed successfully
Iteration wallclock: 0:04:58.218208, cputime: 0:23:43.948923


Wed Feb  7 16:48:29 2024
Iteration 3 (500 requested)
Beginning iteration 3
56 segments remain in iteration 3 (56 total)
14 of 40 (35.000000%) active bins are populated
per-bin minimum non-zero probability:       0.0625
per-bin maximum probability:                0.125
per-bin probability dynamic range (kT):     0.693147
per-segment minimum non-zero probability:   0.015625
per-segment maximum non-zero probability:   0.03125
per-segment probability dynamic range (kT): 0.693147
norm = 1, error in norm = 0 (0*epsilon)
MAB binning in use
Bottleneck bin occupancy may not be accurately reported
Waiting for segments to complete...
Iteration completed successfully
Iteration wallclock: 0:17:19.416922, cputime: 1:20:25.006946


Wed Feb  7 17:05:49 2024
Iteration 4 (500 requested)
Beginning iteration 4
96 segments remain in iteration 4 (96 total)
24 of 40 (60.000000%) active bins are populated
per-bin minimum non-zero probability:       0.015625
per-bin maximum probability:                0.125
per-bin probability dynamic range (kT):     2.07944
per-segment minimum non-zero probability:   0.00390625
per-segment maximum non-zero probability:   0.03125
per-segment probability dynamic range (kT): 2.07944
norm = 1, error in norm = 0 (0*epsilon)
MAB binning in use
Bottleneck bin occupancy may not be accurately reported
Waiting for segments to complete...
Iteration completed successfully
Iteration wallclock: 0:29:01.678853, cputime: 2:17:09.048335


Wed Feb  7 17:34:51 2024
Iteration 5 (500 requested)
Beginning iteration 5
88 segments remain in iteration 5 (88 total)
22 of 40 (55.000000%) active bins are populated
per-bin minimum non-zero probability:       0.0078125
per-bin maximum probability:                0.15625
per-bin probability dynamic range (kT):     2.99573
per-segment minimum non-zero probability:   0.00195312
per-segment maximum non-zero probability:   0.0625
per-segment probability dynamic range (kT): 3.46574
norm = 1, error in norm = 0 (0*epsilon)
MAB binning in use
Bottleneck bin occupancy may not be accurately reported
Waiting for segments to complete...
Iteration completed successfully
Iteration wallclock: 0:27:08.086805, cputime: 2:09:26.098464


Wed Feb  7 18:01:59 2024
Iteration 6 (500 requested)
Beginning iteration 6
100 segments remain in iteration 6 (100 total)
23 of 40 (57.500000%) active bins are populated
per-bin minimum non-zero probability:       0.00195312
per-bin maximum probability:                0.177734
per-bin probability dynamic range (kT):     4.51086
per-segment minimum non-zero probability:   0.000488281
per-segment maximum non-zero probability:   0.0625
per-segment probability dynamic range (kT): 4.85203
norm = 1, error in norm = 0 (0*epsilon)
MAB binning in use
Bottleneck bin occupancy may not be accurately reported
Waiting for segments to complete...
Iteration completed successfully
Iteration wallclock: 0:29:54.437081, cputime: 2:23:21.034872


Wed Feb  7 18:31:53 2024
Iteration 7 (500 requested)
Beginning iteration 7
108 segments remain in iteration 7 (108 total)
27 of 40 (67.500000%) active bins are populated
per-bin minimum non-zero probability:       0.000488281
per-bin maximum probability:                0.230143
per-bin probability dynamic range (kT):     6.15557
per-segment minimum non-zero probability:   0.00012207
per-segment maximum non-zero probability:   0.0768229
per-segment probability dynamic range (kT): 6.44466
norm = 1, error in norm = -1.11022e-16 (-0.5*epsilon)
MAB binning in use
Bottleneck bin occupancy may not be accurately reported
Waiting for segments to complete...
Iteration completed successfully
Iteration wallclock: 0:32:06.183036, cputime: 2:34:24.148553


Wed Feb  7 19:03:59 2024
Iteration 8 (500 requested)
Beginning iteration 8
108 segments remain in iteration 8 (108 total)
26 of 40 (65.000000%) active bins are populated
per-bin minimum non-zero probability:       0.00012207
per-bin maximum probability:                0.152452
per-bin probability dynamic range (kT):     7.13001
per-segment minimum non-zero probability:   3.05176e-05
per-segment maximum non-zero probability:   0.0512153
per-segment probability dynamic range (kT): 7.42549
norm = 1, error in norm = -1.11022e-16 (-0.5*epsilon)
MAB binning in use
Bottleneck bin occupancy may not be accurately reported
Waiting for segments to complete...
Iteration completed successfully
Iteration wallclock: 0:32:50.976278, cputime: 2:36:13.217587


Wed Feb  7 19:36:50 2024
Iteration 9 (500 requested)
Beginning iteration 9
116 segments remain in iteration 9 (116 total)
29 of 40 (72.500000%) active bins are populated
per-bin minimum non-zero probability:       3.05176e-05
per-bin maximum probability:                0.202831
per-bin probability dynamic range (kT):     8.80183
per-segment minimum non-zero probability:   7.62939e-06
per-segment maximum non-zero probability:   0.0670889
per-segment probability dynamic range (kT): 9.08177
norm = 1, error in norm = 2.22045e-16 (1*epsilon)
MAB binning in use
Bottleneck bin occupancy may not be accurately reported
Waiting for segments to complete...
Iteration completed successfully
Iteration wallclock: 0:35:12.761203, cputime: 2:46:57.797990


Wed Feb  7 20:12:03 2024
Iteration 10 (500 requested)
Beginning iteration 10
116 segments remain in iteration 10 (116 total)
29 of 40 (72.500000%) active bins are populated
per-bin minimum non-zero probability:       0.000651042
per-bin maximum probability:                0.189187
per-bin probability dynamic range (kT):     5.67192
per-segment minimum non-zero probability:   0.000284831
per-segment maximum non-zero probability:   0.0560868
per-segment probability dynamic range (kT): 5.28276
norm = 1, error in norm = 0 (0*epsilon)
MAB binning in use
Bottleneck bin occupancy may not be accurately reported
Waiting for segments to complete...
Iteration completed successfully
Iteration wallclock: 0:34:52.310724, cputime: 2:46:48.011421


Wed Feb  7 20:46:55 2024
Iteration 11 (500 requested)
Beginning iteration 11
120 segments remain in iteration 11 (120 total)
29 of 40 (72.500000%) active bins are populated
per-bin minimum non-zero probability:       0.000284831
per-bin maximum probability:                0.269328
per-bin probability dynamic range (kT):     6.85179
per-segment minimum non-zero probability:   7.12077e-05
per-segment maximum non-zero probability:   0.0878906
per-segment probability dynamic range (kT): 7.11825
norm = 1, error in norm = 0 (0*epsilon)
MAB binning in use
Bottleneck bin occupancy may not be accurately reported
Waiting for segments to complete...
Iteration completed successfully
Iteration wallclock: 0:36:17.641141, cputime: 2:52:57.258855


Wed Feb  7 21:23:13 2024
Iteration 12 (500 requested)
Beginning iteration 12
104 segments remain in iteration 12 (104 total)
26 of 40 (65.000000%) active bins are populated
per-bin minimum non-zero probability:       7.12077e-05
per-bin maximum probability:                0.302067
per-bin probability dynamic range (kT):     8.3528
per-segment minimum non-zero probability:   1.78019e-05
per-segment maximum non-zero probability:   0.124606
per-segment probability dynamic range (kT): 8.85361
norm = 1, error in norm = 0 (0*epsilon)
MAB binning in use
Bottleneck bin occupancy may not be accurately reported
Waiting for segments to complete...
Iteration completed successfully
Iteration wallclock: 0:31:17.968470, cputime: 2:29:27.344593


Wed Feb  7 21:54:31 2024
Iteration 13 (500 requested)
Beginning iteration 13
124 segments remain in iteration 13 (124 total)
31 of 40 (77.500000%) active bins are populated
per-bin minimum non-zero probability:       8.13802e-05
per-bin maximum probability:                0.155721
per-bin probability dynamic range (kT):     7.55669
per-segment minimum non-zero probability:   2.03451e-05
per-segment maximum non-zero probability:   0.0528686
per-segment probability dynamic range (kT): 7.86273
norm = 1, error in norm = -2.22045e-16 (-1*epsilon)
MAB binning in use
Bottleneck bin occupancy may not be accurately reported
Waiting for segments to complete...
Iteration completed successfully
Iteration wallclock: 0:37:24.660793, cputime: 2:58:42.495548


Wed Feb  7 22:31:56 2024
Iteration 14 (500 requested)
Beginning iteration 14
124 segments remain in iteration 14 (124 total)
31 of 40 (77.500000%) active bins are populated
per-bin minimum non-zero probability:       2.03451e-05
per-bin maximum probability:                0.246399
per-bin probability dynamic range (kT):     9.40187
per-segment minimum non-zero probability:   5.08626e-06
per-segment maximum non-zero probability:   0.0704903
per-segment probability dynamic range (kT): 9.53669
norm = 1, error in norm = 0 (0*epsilon)
MAB binning in use
Bottleneck bin occupancy may not be accurately reported
Waiting for segments to complete...
Iteration completed successfully
Iteration wallclock: 0:37:29.742561, cputime: 2:58:52.358933


Wed Feb  7 23:09:25 2024
Iteration 15 (500 requested)
Beginning iteration 15
124 segments remain in iteration 15 (124 total)
31 of 40 (77.500000%) active bins are populated
per-bin minimum non-zero probability:       1.01725e-05
per-bin maximum probability:                0.214747
per-bin probability dynamic range (kT):     9.95753
per-segment minimum non-zero probability:   2.54313e-06
per-segment maximum non-zero probability:   0.0704903
per-segment probability dynamic range (kT): 10.2298
norm = 1, error in norm = 0 (0*epsilon)
MAB binning in use
Bottleneck bin occupancy may not be accurately reported
Waiting for segments to complete...
Iteration completed successfully
Iteration wallclock: 0:36:54.315599, cputime: 2:57:09.784169


Wed Feb  7 23:46:20 2024
Iteration 16 (500 requested)
Beginning iteration 16
116 segments remain in iteration 16 (116 total)
27 of 40 (67.500000%) active bins are populated
per-bin minimum non-zero probability:       2.54313e-06
per-bin maximum probability:                0.251559
per-bin probability dynamic range (kT):     11.502
per-segment minimum non-zero probability:   6.35783e-07
per-segment maximum non-zero probability:   0.106652
per-segment probability dynamic range (kT): 12.0302
norm = 1, error in norm = 0 (0*epsilon)
MAB binning in use
Bottleneck bin occupancy may not be accurately reported
Waiting for segments to complete...
Iteration completed successfully
Iteration wallclock: 0:35:02.908584, cputime: 2:46:02.558075


Thu Feb  8 00:21:23 2024
Iteration 17 (500 requested)
Beginning iteration 17
116 segments remain in iteration 17 (116 total)
28 of 40 (70.000000%) active bins are populated
per-bin minimum non-zero probability:       1.27157e-06
per-bin maximum probability:                0.388808
per-bin probability dynamic range (kT):     12.6306
per-segment minimum non-zero probability:   3.17891e-07
per-segment maximum non-zero probability:   0.106652
per-segment probability dynamic range (kT): 12.7234
norm = 1, error in norm = -2.22045e-16 (-1*epsilon)
MAB binning in use
Bottleneck bin occupancy may not be accurately reported
Waiting for segments to complete...
Iteration completed successfully
Iteration wallclock: 0:35:22.485210, cputime: 2:47:55.063470


Thu Feb  8 00:56:45 2024
Iteration 18 (500 requested)
Beginning iteration 18
116 segments remain in iteration 18 (116 total)
30 of 40 (75.000000%) active bins are populated
per-bin minimum non-zero probability:       3.17891e-07
per-bin maximum probability:                0.322882
per-bin probability dynamic range (kT):     13.8311
per-segment minimum non-zero probability:   1.58946e-07
per-segment maximum non-zero probability:   0.106652
per-segment probability dynamic range (kT): 13.4165
norm = 1, error in norm = -3.33067e-16 (-1.5*epsilon)
MAB binning in use
Bottleneck bin occupancy may not be accurately reported
Waiting for segments to complete...
Iteration completed successfully
Iteration wallclock: 0:36:03.194346, cputime: 2:47:07.874511


Thu Feb  8 01:32:48 2024
Iteration 19 (500 requested)
Beginning iteration 19
116 segments remain in iteration 19 (116 total)
29 of 40 (72.500000%) active bins are populated
per-bin minimum non-zero probability:       3.17891e-07
per-bin maximum probability:                0.494369
per-bin probability dynamic range (kT):     14.2571
per-segment minimum non-zero probability:   7.94729e-08
per-segment maximum non-zero probability:   0.106652
per-segment probability dynamic range (kT): 14.1097
norm = 1, error in norm = -1.11022e-16 (-0.5*epsilon)
MAB binning in use
Bottleneck bin occupancy may not be accurately reported
Waiting for segments to complete...
Iteration completed successfully
Iteration wallclock: 0:34:46.133183, cputime: 2:45:49.380752


Thu Feb  8 02:07:34 2024
Iteration 20 (500 requested)
Beginning iteration 20
124 segments remain in iteration 20 (124 total)
30 of 40 (75.000000%) active bins are populated
per-bin minimum non-zero probability:       7.94729e-08
per-bin maximum probability:                0.468873
per-bin probability dynamic range (kT):     15.5904
per-segment minimum non-zero probability:   1.98682e-08
per-segment maximum non-zero probability:   0.151114
per-segment probability dynamic range (kT): 15.8444
norm = 1, error in norm = -1.11022e-16 (-0.5*epsilon)
MAB binning in use
Bottleneck bin occupancy may not be accurately reported
Waiting for segments to complete...
Iteration completed successfully
Iteration wallclock: 0:37:34.729244, cputime: 2:58:49.247777


Thu Feb  8 02:45:09 2024
Iteration 21 (500 requested)
Beginning iteration 21
112 segments remain in iteration 21 (112 total)
28 of 40 (70.000000%) active bins are populated
per-bin minimum non-zero probability:       3.97364e-08
per-bin maximum probability:                0.366376
per-bin probability dynamic range (kT):     16.0369
per-segment minimum non-zero probability:   9.93411e-09
per-segment maximum non-zero probability:   0.151114
per-segment probability dynamic range (kT): 16.5376
norm = 1, error in norm = 0 (0*epsilon)
MAB binning in use
Bottleneck bin occupancy may not be accurately reported
Waiting for segments to complete...
Iteration completed successfully
Iteration wallclock: 0:33:46.774176, cputime: 2:39:34.982661


Thu Feb  8 03:18:56 2024
Iteration 22 (500 requested)
Beginning iteration 22
112 segments remain in iteration 22 (112 total)
27 of 40 (67.500000%) active bins are populated
per-bin minimum non-zero probability:       1.49012e-08
per-bin maximum probability:                0.366984
per-bin probability dynamic range (kT):     17.0194
per-segment minimum non-zero probability:   3.72529e-09
per-segment maximum non-zero probability:   0.151114
per-segment probability dynamic range (kT): 17.5184
norm = 1, error in norm = 0 (0*epsilon)
MAB binning in use
Bottleneck bin occupancy may not be accurately reported
Waiting for segments to complete...
Iteration completed successfully
Iteration wallclock: 0:33:32.052740, cputime: 2:39:47.925223


Thu Feb  8 03:52:28 2024
Iteration 23 (500 requested)
Beginning iteration 23
120 segments remain in iteration 23 (120 total)
30 of 40 (75.000000%) active bins are populated
per-bin minimum non-zero probability:       3.72529e-09
per-bin maximum probability:                0.243513
per-bin probability dynamic range (kT):     17.9955
per-segment minimum non-zero probability:   9.31323e-10
per-segment maximum non-zero probability:   0.106652
per-segment probability dynamic range (kT): 18.5562
norm = 1, error in norm = 0 (0*epsilon)
MAB binning in use
Bottleneck bin occupancy may not be accurately reported
Waiting for segments to complete...
Iteration completed successfully
Iteration wallclock: 0:36:39.103037, cputime: 2:53:01.378230


Thu Feb  8 04:29:07 2024
Iteration 24 (500 requested)
Beginning iteration 24
136 segments remain in iteration 24 (136 total)
34 of 40 (85.000000%) active bins are populated
per-bin minimum non-zero probability:       9.31323e-10
per-bin maximum probability:                0.307353
per-bin probability dynamic range (kT):     19.6147
per-segment minimum non-zero probability:   2.32831e-10
per-segment maximum non-zero probability:   0.106652
per-segment probability dynamic range (kT): 19.9425
norm = 1, error in norm = 0 (0*epsilon)
MAB binning in use
Bottleneck bin occupancy may not be accurately reported
Waiting for segments to complete...
Iteration completed successfully
Iteration wallclock: 0:40:42.414682, cputime: 3:14:47.856134


Thu Feb  8 05:09:50 2024
Iteration 25 (500 requested)
Beginning iteration 25
120 segments remain in iteration 25 (120 total)
30 of 40 (75.000000%) active bins are populated
per-bin minimum non-zero probability:       2.32831e-10
per-bin maximum probability:                0.275189
per-bin probability dynamic range (kT):     20.8904
per-segment minimum non-zero probability:   5.82077e-11
per-segment maximum non-zero probability:   0.125763
per-segment probability dynamic range (kT): 21.4936
norm = 1, error in norm = -2.22045e-16 (-1*epsilon)
MAB binning in use
Bottleneck bin occupancy may not be accurately reported
Waiting for segments to complete...
Iteration completed successfully
Iteration wallclock: 0:36:12.885920, cputime: 2:52:39.765951


Thu Feb  8 05:46:02 2024
Iteration 26 (500 requested)
Beginning iteration 26
116 segments remain in iteration 26 (116 total)
28 of 40 (70.000000%) active bins are populated
per-bin minimum non-zero probability:       1.74623e-10
per-bin maximum probability:                0.346013
per-bin probability dynamic range (kT):     21.4071
per-segment minimum non-zero probability:   2.91038e-11
per-segment maximum non-zero probability:   0.104062
per-segment probability dynamic range (kT): 21.9974
norm = 1, error in norm = -1.11022e-16 (-0.5*epsilon)
MAB binning in use
Bottleneck bin occupancy may not be accurately reported
Waiting for segments to complete...
Iteration completed successfully
Iteration wallclock: 0:34:26.680640, cputime: 2:45:34.619091


Thu Feb  8 06:20:29 2024
Iteration 27 (500 requested)
Beginning iteration 27
100 segments remain in iteration 27 (100 total)
25 of 40 (62.500000%) active bins are populated
per-bin minimum non-zero probability:       3.48599e-09
per-bin maximum probability:                0.272654
per-bin probability dynamic range (kT):     18.175
per-segment minimum non-zero probability:   8.71498e-10
per-segment maximum non-zero probability:   0.104062
per-segment probability dynamic range (kT): 18.598
norm = 1, error in norm = -1.11022e-16 (-0.5*epsilon)
MAB binning in use
Bottleneck bin occupancy may not be accurately reported
Waiting for segments to complete...
Iteration completed successfully
Iteration wallclock: 0:30:16.102059, cputime: 2:23:43.620754


Thu Feb  8 06:50:45 2024
Iteration 28 (500 requested)
Beginning iteration 28
116 segments remain in iteration 28 (116 total)
27 of 40 (67.500000%) active bins are populated
per-bin minimum non-zero probability:       1.743e-09
per-bin maximum probability:                0.338882
per-bin probability dynamic range (kT):     19.0856
per-segment minimum non-zero probability:   4.35749e-10
per-segment maximum non-zero probability:   0.104062
per-segment probability dynamic range (kT): 19.2912
norm = 1, error in norm = 0 (0*epsilon)
MAB binning in use
Bottleneck bin occupancy may not be accurately reported
Waiting for segments to complete...
Iteration completed successfully
Iteration wallclock: 0:34:29.109038, cputime: 2:46:09.367031


Thu Feb  8 07:25:14 2024
Iteration 29 (500 requested)
Beginning iteration 29
108 segments remain in iteration 29 (108 total)
27 of 40 (67.500000%) active bins are populated
per-bin minimum non-zero probability:       1.743e-09
per-bin maximum probability:                0.350815
per-bin probability dynamic range (kT):     19.1202
per-segment minimum non-zero probability:   4.35749e-10
per-segment maximum non-zero probability:   0.121086
per-segment probability dynamic range (kT): 19.4427
norm = 1, error in norm = 0 (0*epsilon)
MAB binning in use
Bottleneck bin occupancy may not be accurately reported
Waiting for segments to complete...
Iteration completed successfully
Iteration wallclock: 0:32:35.927619, cputime: 2:34:59.397655


Thu Feb  8 07:57:50 2024
Iteration 30 (500 requested)
Beginning iteration 30
120 segments remain in iteration 30 (120 total)
26 of 40 (65.000000%) active bins are populated
per-bin minimum non-zero probability:       4.35749e-10
per-bin maximum probability:                0.469813
per-bin probability dynamic range (kT):     20.7985
per-segment minimum non-zero probability:   1.08937e-10
per-segment maximum non-zero probability:   0.121086
per-segment probability dynamic range (kT): 20.829
norm = 1, error in norm = 0 (0*epsilon)
MAB binning in use
Bottleneck bin occupancy may not be accurately reported
Waiting for segments to complete...
Iteration completed successfully
Iteration wallclock: 0:36:22.915811, cputime: 2:53:51.860186


Thu Feb  8 08:34:13 2024
Iteration 31 (500 requested)
Beginning iteration 31
116 segments remain in iteration 31 (116 total)
29 of 40 (72.500000%) active bins are populated
per-bin minimum non-zero probability:       1.08937e-10
per-bin maximum probability:                0.593559
per-bin probability dynamic range (kT):     22.4186
per-segment minimum non-zero probability:   2.72343e-11
per-segment maximum non-zero probability:   0.170316
per-segment probability dynamic range (kT): 22.5564
norm = 1, error in norm = 0 (0*epsilon)
MAB binning in use
Bottleneck bin occupancy may not be accurately reported
Waiting for segments to complete...
Iteration completed successfully
Iteration wallclock: 0:34:42.799240, cputime: 2:46:33.968072


Thu Feb  8 09:08:56 2024
Iteration 32 (500 requested)
Beginning iteration 32
112 segments remain in iteration 32 (112 total)
28 of 40 (70.000000%) active bins are populated
per-bin minimum non-zero probability:       2.72343e-11
per-bin maximum probability:                0.477455
per-bin probability dynamic range (kT):     23.5873
per-segment minimum non-zero probability:   6.80858e-12
per-segment maximum non-zero probability:   0.170316
per-segment probability dynamic range (kT): 23.9427
norm = 1, error in norm = 0 (0*epsilon)
MAB binning in use
Bottleneck bin occupancy may not be accurately reported
Waiting for segments to complete...
Iteration completed successfully
Iteration wallclock: 0:34:10.671603, cputime: 2:41:30.152986


Thu Feb  8 09:43:07 2024
Iteration 33 (500 requested)
Beginning iteration 33
100 segments remain in iteration 33 (100 total)
25 of 40 (62.500000%) active bins are populated
per-bin minimum non-zero probability:       6.80858e-12
per-bin maximum probability:                0.38168
per-bin probability dynamic range (kT):     24.7497
per-segment minimum non-zero probability:   1.70214e-12
per-segment maximum non-zero probability:   0.161178
per-segment probability dynamic range (kT): 25.2739
norm = 1, error in norm = 0 (0*epsilon)
MAB binning in use
Bottleneck bin occupancy may not be accurately reported
Waiting for segments to complete...
Iteration completed successfully
Iteration wallclock: 0:30:28.504304, cputime: 2:23:55.274322


Thu Feb  8 10:13:35 2024
Iteration 34 (500 requested)
Beginning iteration 34
112 segments remain in iteration 34 (112 total)
28 of 40 (70.000000%) active bins are populated
per-bin minimum non-zero probability:       1.70214e-12
per-bin maximum probability:                0.309269
per-bin probability dynamic range (kT):     25.9256
per-segment minimum non-zero probability:   4.25536e-13
per-segment maximum non-zero probability:   0.107452
per-segment probability dynamic range (kT): 26.2547
norm = 1, error in norm = -2.22045e-16 (-1*epsilon)
MAB binning in use
Bottleneck bin occupancy may not be accurately reported
Waiting for segments to complete...
Iteration completed successfully
Iteration wallclock: 0:33:43.992634, cputime: 2:40:08.944206


Thu Feb  8 10:47:19 2024
Iteration 35 (500 requested)
Beginning iteration 35
120 segments remain in iteration 35 (120 total)
30 of 40 (75.000000%) active bins are populated
per-bin minimum non-zero probability:       8.51072e-13
per-bin maximum probability:                0.472819
per-bin probability dynamic range (kT):     27.0432
per-segment minimum non-zero probability:   2.12768e-13
per-segment maximum non-zero probability:   0.165884
per-segment probability dynamic range (kT): 27.3821
norm = 1, error in norm = 0 (0*epsilon)
MAB binning in use
Bottleneck bin occupancy may not be accurately reported
Waiting for segments to complete...
Iteration completed successfully
Iteration wallclock: 0:35:47.768128, cputime: 2:50:56.969600


Thu Feb  8 11:23:07 2024
Iteration 36 (500 requested)
Beginning iteration 36
108 segments remain in iteration 36 (108 total)
27 of 40 (67.500000%) active bins are populated
per-bin minimum non-zero probability:       2.12768e-13
per-bin maximum probability:                0.324705
per-bin probability dynamic range (kT):     28.0537
per-segment minimum non-zero probability:   5.3192e-14
per-segment maximum non-zero probability:   0.165884
per-segment probability dynamic range (kT): 28.7684
norm = 1, error in norm = -2.22045e-16 (-1*epsilon)
MAB binning in use
Bottleneck bin occupancy may not be accurately reported
Waiting for segments to complete...
Iteration completed successfully
Iteration wallclock: 0:32:11.476979, cputime: 2:34:27.611982


Thu Feb  8 11:55:19 2024
Iteration 37 (500 requested)
Beginning iteration 37
132 segments remain in iteration 37 (132 total)
33 of 40 (82.500000%) active bins are populated
per-bin minimum non-zero probability:       5.3192e-14
per-bin maximum probability:                0.285399
per-bin probability dynamic range (kT):     29.311
per-segment minimum non-zero probability:   1.3298e-14
per-segment maximum non-zero probability:   0.106718
per-segment probability dynamic range (kT): 29.7136
norm = 1, error in norm = 0 (0*epsilon)
MAB binning in use
Bottleneck bin occupancy may not be accurately reported
Waiting for segments to complete...
Iteration completed successfully
Iteration wallclock: 0:39:45.870385, cputime: 3:09:47.905509


Thu Feb  8 12:35:04 2024
Iteration 38 (500 requested)
Beginning iteration 38
116 segments remain in iteration 38 (116 total)
26 of 40 (65.000000%) active bins are populated
per-bin minimum non-zero probability:       1.3298e-14
per-bin maximum probability:                0.507475
per-bin probability dynamic range (kT):     31.2729
per-segment minimum non-zero probability:   3.3245e-15
per-segment maximum non-zero probability:   0.171491
per-segment probability dynamic range (kT): 31.5742
norm = 1, error in norm = -1.11022e-16 (-0.5*epsilon)
MAB binning in use
Bottleneck bin occupancy may not be accurately reported
Waiting for segments to complete...
Iteration completed successfully
Iteration wallclock: 0:34:43.101847, cputime: 2:46:21.768354


Thu Feb  8 13:09:48 2024
Iteration 39 (500 requested)
Beginning iteration 39
120 segments remain in iteration 39 (120 total)
30 of 40 (75.000000%) active bins are populated
per-bin minimum non-zero probability:       3.3245e-15
per-bin maximum probability:                0.486597
per-bin probability dynamic range (kT):     32.6171
per-segment minimum non-zero probability:   8.31125e-16
per-segment maximum non-zero probability:   0.171491
per-segment probability dynamic range (kT): 32.9605
norm = 1, error in norm = 0 (0*epsilon)
MAB binning in use
Bottleneck bin occupancy may not be accurately reported
Waiting for segments to complete...
Iteration completed successfully
Iteration wallclock: 0:37:22.464200, cputime: 2:56:09.952352


Thu Feb  8 13:47:10 2024
Iteration 40 (500 requested)
Beginning iteration 40
128 segments remain in iteration 40 (128 total)
32 of 40 (80.000000%) active bins are populated
per-bin minimum non-zero probability:       8.31125e-16
per-bin maximum probability:                0.511062
per-bin probability dynamic range (kT):     34.0525
per-segment minimum non-zero probability:   2.07781e-16
per-segment maximum non-zero probability:   0.171491
per-segment probability dynamic range (kT): 34.3468
norm = 1, error in norm = -2.22045e-16 (-1*epsilon)
MAB binning in use
Bottleneck bin occupancy may not be accurately reported
Waiting for segments to complete...
Iteration completed successfully
Iteration wallclock: 0:38:56.658724, cputime: 3:03:47.158569


Thu Feb  8 14:26:07 2024
Iteration 41 (500 requested)
Beginning iteration 41
116 segments remain in iteration 41 (116 total)
29 of 40 (72.500000%) active bins are populated
per-bin minimum non-zero probability:       2.07781e-16
per-bin maximum probability:                0.393547
per-bin probability dynamic range (kT):     35.1775
per-segment minimum non-zero probability:   5.19453e-17
per-segment maximum non-zero probability:   0.167783
per-segment probability dynamic range (kT): 35.7113
norm = 1, error in norm = 0 (0*epsilon)
MAB binning in use
Bottleneck bin occupancy may not be accurately reported
Waiting for segments to complete...
Iteration completed successfully
Iteration wallclock: 0:34:57.957954, cputime: 2:46:57.026865


Thu Feb  8 15:01:05 2024
Iteration 42 (500 requested)
Beginning iteration 42
120 segments remain in iteration 42 (120 total)
30 of 40 (75.000000%) active bins are populated
per-bin minimum non-zero probability:       5.19453e-17
per-bin maximum probability:                0.419327
per-bin probability dynamic range (kT):     36.6272
per-segment minimum non-zero probability:   1.29863e-17
per-segment maximum non-zero probability:   0.167783
per-segment probability dynamic range (kT): 37.0975
norm = 1, error in norm = -1.11022e-16 (-0.5*epsilon)
MAB binning in use
Bottleneck bin occupancy may not be accurately reported
Waiting for segments to complete...
Iteration completed successfully
Iteration wallclock: 0:36:26.793036, cputime: 2:51:46.593920


Thu Feb  8 15:37:32 2024
Iteration 43 (500 requested)
Beginning iteration 43
116 segments remain in iteration 43 (116 total)
29 of 40 (72.500000%) active bins are populated
per-bin minimum non-zero probability:       1.29863e-17
per-bin maximum probability:                0.526952
per-bin probability dynamic range (kT):     38.242
per-segment minimum non-zero probability:   3.24658e-18
per-segment maximum non-zero probability:   0.167783
per-segment probability dynamic range (kT): 38.4838
norm = 1, error in norm = 0 (0*epsilon)
MAB binning in use
Bottleneck bin occupancy may not be accurately reported
Waiting for segments to complete...
Iteration completed successfully
Iteration wallclock: 0:34:20.154179, cputime: 2:45:30.782450


Thu Feb  8 16:11:52 2024
Iteration 44 (500 requested)
Beginning iteration 44
108 segments remain in iteration 44 (108 total)
26 of 40 (65.000000%) active bins are populated
per-bin minimum non-zero probability:       3.24658e-18
per-bin maximum probability:                0.239997
per-bin probability dynamic range (kT):     38.8418
per-segment minimum non-zero probability:   8.11646e-19
per-segment maximum non-zero probability:   0.101313
per-segment probability dynamic range (kT): 39.3657
norm = 1, error in norm = -1.11022e-16 (-0.5*epsilon)
MAB binning in use
Bottleneck bin occupancy may not be accurately reported
Waiting for segments to complete...
Iteration completed successfully
Iteration wallclock: 0:32:23.666645, cputime: 2:34:14.528854


Thu Feb  8 16:44:15 2024
Iteration 45 (500 requested)
Beginning iteration 45
108 segments remain in iteration 45 (108 total)
27 of 40 (67.500000%) active bins are populated
per-bin minimum non-zero probability:       8.11646e-19
per-bin maximum probability:                0.330126
per-bin probability dynamic range (kT):     40.5469
per-segment minimum non-zero probability:   2.02911e-19
per-segment maximum non-zero probability:   0.102267
per-segment probability dynamic range (kT): 40.7613
norm = 1, error in norm = -1.11022e-16 (-0.5*epsilon)
MAB binning in use
Bottleneck bin occupancy may not be accurately reported
Waiting for segments to complete...
Iteration completed successfully
Iteration wallclock: 0:32:18.215026, cputime: 2:34:57.056887


Thu Feb  8 17:16:34 2024
Iteration 46 (500 requested)
Beginning iteration 46
108 segments remain in iteration 46 (108 total)
26 of 40 (65.000000%) active bins are populated
per-bin minimum non-zero probability:       2.02911e-19
per-bin maximum probability:                0.422459
per-bin probability dynamic range (kT):     42.1799
per-segment minimum non-zero probability:   5.07279e-20
per-segment maximum non-zero probability:   0.102819
per-segment probability dynamic range (kT): 42.153
norm = 1, error in norm = 0 (0*epsilon)
MAB binning in use
Bottleneck bin occupancy may not be accurately reported
Waiting for segments to complete...
Iteration completed successfully
Iteration wallclock: 0:32:12.754296, cputime: 2:34:12.294379


Thu Feb  8 17:48:46 2024
Iteration 47 (500 requested)
Beginning iteration 47
108 segments remain in iteration 47 (108 total)
27 of 40 (67.500000%) active bins are populated
per-bin minimum non-zero probability:       5.07279e-20
per-bin maximum probability:                0.296236
per-bin probability dynamic range (kT):     43.2112
per-segment minimum non-zero probability:   1.2682e-20
per-segment maximum non-zero probability:   0.102819
per-segment probability dynamic range (kT): 43.5393
norm = 1, error in norm = 0 (0*epsilon)
MAB binning in use
Bottleneck bin occupancy may not be accurately reported
Waiting for segments to complete...
Iteration completed successfully
Iteration wallclock: 0:32:31.055777, cputime: 2:35:21.672152


Thu Feb  8 18:21:17 2024
Iteration 48 (500 requested)
Beginning iteration 48
108 segments remain in iteration 48 (108 total)
27 of 40 (67.500000%) active bins are populated
per-bin minimum non-zero probability:       1.2682e-20
per-bin maximum probability:                0.468782
per-bin probability dynamic range (kT):     45.0565
per-segment minimum non-zero probability:   3.17049e-21
per-segment maximum non-zero probability:   0.150349
per-segment probability dynamic range (kT): 45.3056
norm = 1, error in norm = 0 (0*epsilon)
MAB binning in use
Bottleneck bin occupancy may not be accurately reported
Waiting for segments to complete...
Iteration completed successfully
Iteration wallclock: 0:32:50.304195, cputime: 2:35:45.941924


Thu Feb  8 18:54:08 2024
Iteration 49 (500 requested)
Beginning iteration 49
108 segments remain in iteration 49 (108 total)
27 of 40 (67.500000%) active bins are populated
per-bin minimum non-zero probability:       3.17049e-21
per-bin maximum probability:                0.414894
per-bin probability dynamic range (kT):     46.3207
per-segment minimum non-zero probability:   7.92623e-22
per-segment maximum non-zero probability:   0.137332
per-segment probability dynamic range (kT): 46.6013
norm = 1, error in norm = -4.44089e-16 (-2*epsilon)
MAB binning in use
Bottleneck bin occupancy may not be accurately reported
Waiting for segments to complete...
Iteration completed successfully
Iteration wallclock: 0:32:16.761997, cputime: 2:35:07.314692


Thu Feb  8 19:26:24 2024
Iteration 50 (500 requested)
Beginning iteration 50
116 segments remain in iteration 50 (116 total)
29 of 40 (72.500000%) active bins are populated
per-bin minimum non-zero probability:       5.70688e-20
per-bin maximum probability:                0.398442
per-bin probability dynamic range (kT):     43.3898
per-segment minimum non-zero probability:   6.34098e-21
per-segment maximum non-zero probability:   0.137332
per-segment probability dynamic range (kT): 44.5219
norm = 1, error in norm = 0 (0*epsilon)
MAB binning in use
Bottleneck bin occupancy may not be accurately reported
Waiting for segments to complete...
Iteration completed successfully
Iteration wallclock: 0:34:31.388951, cputime: 2:46:30.474054


Thu Feb  8 20:00:56 2024
Iteration 51 (500 requested)
Beginning iteration 51
104 segments remain in iteration 51 (104 total)
26 of 40 (65.000000%) active bins are populated
per-bin minimum non-zero probability:       1.42672e-20
per-bin maximum probability:                0.578517
per-bin probability dynamic range (kT):     45.149
per-segment minimum non-zero probability:   3.5668e-21
per-segment maximum non-zero probability:   0.188394
per-segment probability dynamic range (kT): 45.4134
norm = 1, error in norm = -1.11022e-16 (-0.5*epsilon)
MAB binning in use
Bottleneck bin occupancy may not be accurately reported
Waiting for segments to complete...
Iteration completed successfully
Iteration wallclock: 0:31:31.333064, cputime: 2:28:42.231212


Thu Feb  8 20:32:27 2024
Iteration 52 (500 requested)
Beginning iteration 52
108 segments remain in iteration 52 (108 total)
26 of 40 (65.000000%) active bins are populated
per-bin minimum non-zero probability:       3.5668e-21
per-bin maximum probability:                0.484647
per-bin probability dynamic range (kT):     46.3583
per-segment minimum non-zero probability:   8.91701e-22
per-segment maximum non-zero probability:   0.188394
per-segment probability dynamic range (kT): 46.7997
norm = 1, error in norm = -2.22045e-16 (-1*epsilon)
MAB binning in use
Bottleneck bin occupancy may not be accurately reported
Waiting for segments to complete...
Iteration completed successfully
Iteration wallclock: 0:32:35.494336, cputime: 2:35:17.321868


Thu Feb  8 21:05:03 2024
Iteration 53 (500 requested)
Beginning iteration 53
124 segments remain in iteration 53 (124 total)
31 of 40 (77.500000%) active bins are populated
per-bin minimum non-zero probability:       8.91701e-22
per-bin maximum probability:                0.34639
per-bin probability dynamic range (kT):     47.4087
per-segment minimum non-zero probability:   2.22925e-22
per-segment maximum non-zero probability:   0.155498
per-segment probability dynamic range (kT): 47.9941
norm = 1, error in norm = 0 (0*epsilon)
MAB binning in use
Bottleneck bin occupancy may not be accurately reported
Waiting for segments to complete...
Iteration completed successfully
Iteration wallclock: 0:37:17.621282, cputime: 2:59:11.467495


Thu Feb  8 21:42:20 2024
Iteration 54 (500 requested)
Beginning iteration 54
128 segments remain in iteration 54 (128 total)
31 of 40 (77.500000%) active bins are populated
per-bin minimum non-zero probability:       2.22925e-22
per-bin maximum probability:                0.425901
per-bin probability dynamic range (kT):     49.0017
per-segment minimum non-zero probability:   5.57313e-23
per-segment maximum non-zero probability:   0.155498
per-segment probability dynamic range (kT): 49.3804
norm = 1, error in norm = -1.11022e-16 (-0.5*epsilon)
MAB binning in use
Bottleneck bin occupancy may not be accurately reported
Waiting for segments to complete...
Iteration completed successfully
Iteration wallclock: 0:38:50.399019, cputime: 3:05:42.565093


Thu Feb  8 22:21:11 2024
Iteration 55 (500 requested)
Beginning iteration 55
128 segments remain in iteration 55 (128 total)
32 of 40 (80.000000%) active bins are populated
per-bin minimum non-zero probability:       5.57313e-23
per-bin maximum probability:                0.360605
per-bin probability dynamic range (kT):     50.2215
per-segment minimum non-zero probability:   1.39328e-23
per-segment maximum non-zero probability:   0.155498
per-segment probability dynamic range (kT): 50.7667
norm = 1, error in norm = 0 (0*epsilon)
MAB binning in use
Bottleneck bin occupancy may not be accurately reported
Waiting for segments to complete...
Iteration completed successfully
Iteration wallclock: 0:38:59.288662, cputime: 3:05:09.986959


Thu Feb  8 23:00:10 2024
Iteration 56 (500 requested)
Beginning iteration 56
120 segments remain in iteration 56 (120 total)
30 of 40 (75.000000%) active bins are populated
per-bin minimum non-zero probability:       1.39328e-23
per-bin maximum probability:                0.317832
per-bin probability dynamic range (kT):     51.4816
per-segment minimum non-zero probability:   3.48321e-24
per-segment maximum non-zero probability:   0.10466
per-segment probability dynamic range (kT): 51.7571
norm = 1, error in norm = 0 (0*epsilon)
MAB binning in use
Bottleneck bin occupancy may not be accurately reported
Waiting for segments to complete...
Iteration completed successfully
Iteration wallclock: 0:36:18.792712, cputime: 2:52:30.928581


Thu Feb  8 23:36:29 2024
Iteration 57 (500 requested)
Beginning iteration 57
104 segments remain in iteration 57 (104 total)
26 of 40 (65.000000%) active bins are populated
per-bin minimum non-zero probability:       3.48321e-24
per-bin maximum probability:                0.506697
per-bin probability dynamic range (kT):     53.3342
per-segment minimum non-zero probability:   8.70801e-25
per-segment maximum non-zero probability:   0.166961
per-segment probability dynamic range (kT): 53.6104
norm = 1, error in norm = -2.22045e-16 (-1*epsilon)
MAB binning in use
Bottleneck bin occupancy may not be accurately reported
Waiting for segments to complete...
Iteration completed successfully
Iteration wallclock: 0:32:33.458432, cputime: 2:32:29.507163


Fri Feb  9 00:09:02 2024
Iteration 58 (500 requested)
Beginning iteration 58
120 segments remain in iteration 58 (120 total)
30 of 40 (75.000000%) active bins are populated
per-bin minimum non-zero probability:       8.70801e-25
per-bin maximum probability:                0.363678
per-bin probability dynamic range (kT):     54.3889
per-segment minimum non-zero probability:   2.177e-25
per-segment maximum non-zero probability:   0.138161
per-segment probability dynamic range (kT): 54.8073
norm = 1, error in norm = -1.11022e-16 (-0.5*epsilon)
MAB binning in use
Bottleneck bin occupancy may not be accurately reported
Waiting for segments to complete...
Iteration completed successfully
Iteration wallclock: 0:36:06.208158, cputime: 2:53:09.287355


Fri Feb  9 00:45:09 2024
Iteration 59 (500 requested)
Beginning iteration 59
104 segments remain in iteration 59 (104 total)
27 of 40 (67.500000%) active bins are populated
per-bin minimum non-zero probability:       2.177e-25
per-bin maximum probability:                0.445471
per-bin probability dynamic range (kT):     55.9781
per-segment minimum non-zero probability:   5.44251e-26
per-segment maximum non-zero probability:   0.144399
per-segment probability dynamic range (kT): 56.2378
norm = 1, error in norm = -2.22045e-16 (-1*epsilon)
MAB binning in use
Bottleneck bin occupancy may not be accurately reported
Waiting for segments to complete...
Iteration completed successfully
Iteration wallclock: 0:31:42.891778, cputime: 2:30:47.473319


Fri Feb  9 01:16:51 2024
Iteration 60 (500 requested)
Beginning iteration 60
116 segments remain in iteration 60 (116 total)
29 of 40 (72.500000%) active bins are populated
per-bin minimum non-zero probability:       1.0885e-25
per-bin maximum probability:                0.375374
per-bin probability dynamic range (kT):     56.5
per-segment minimum non-zero probability:   2.72125e-26
per-segment maximum non-zero probability:   0.144399
per-segment probability dynamic range (kT): 56.9309
norm = 1, error in norm = -4.44089e-16 (-2*epsilon)
MAB binning in use
Bottleneck bin occupancy may not be accurately reported
Waiting for segments to complete...
Iteration completed successfully
Iteration wallclock: 0:34:35.724322, cputime: 2:46:35.573885


Fri Feb  9 01:51:27 2024
Iteration 61 (500 requested)
Beginning iteration 61
112 segments remain in iteration 61 (112 total)
28 of 40 (70.000000%) active bins are populated
per-bin minimum non-zero probability:       3.64648e-24
per-bin maximum probability:                0.669519
per-bin probability dynamic range (kT):     53.5671
per-segment minimum non-zero probability:   9.1162e-25
per-segment maximum non-zero probability:   0.200851
per-segment probability dynamic range (kT): 53.7494
norm = 1, error in norm = 0 (0*epsilon)
MAB binning in use
Bottleneck bin occupancy may not be accurately reported
Waiting for segments to complete...
Iteration completed successfully
Iteration wallclock: 0:33:51.176431, cputime: 2:41:19.426580


Fri Feb  9 02:25:18 2024
Iteration 62 (500 requested)
Beginning iteration 62
116 segments remain in iteration 62 (116 total)
29 of 40 (72.500000%) active bins are populated
per-bin minimum non-zero probability:       1.82324e-24
per-bin maximum probability:                0.370589
per-bin probability dynamic range (kT):     53.6688
per-segment minimum non-zero probability:   4.5581e-25
per-segment maximum non-zero probability:   0.144399
per-segment probability dynamic range (kT): 54.1125
norm = 1, error in norm = -1.11022e-16 (-0.5*epsilon)
MAB binning in use
Bottleneck bin occupancy may not be accurately reported
Waiting for segments to complete...
Iteration completed successfully
Iteration wallclock: 0:34:38.707700, cputime: 2:46:30.335522


Fri Feb  9 02:59:57 2024
Iteration 63 (500 requested)
Beginning iteration 63
128 segments remain in iteration 63 (128 total)
32 of 40 (80.000000%) active bins are populated
per-bin minimum non-zero probability:       4.5581e-25
per-bin maximum probability:                0.584773
per-bin probability dynamic range (kT):     55.5112
per-segment minimum non-zero probability:   1.13953e-25
per-segment maximum non-zero probability:   0.17907
per-segment probability dynamic range (kT): 55.714
norm = 1, error in norm = -2.22045e-16 (-1*epsilon)
MAB binning in use
Bottleneck bin occupancy may not be accurately reported
Waiting for segments to complete...
Iteration completed successfully
Iteration wallclock: 0:38:19.623275, cputime: 3:03:01.570638


Fri Feb  9 03:38:17 2024
Iteration 64 (500 requested)
Beginning iteration 64
128 segments remain in iteration 64 (128 total)
32 of 40 (80.000000%) active bins are populated
per-bin minimum non-zero probability:       4.5581e-25
per-bin maximum probability:                0.503851
per-bin probability dynamic range (kT):     55.3622
per-segment minimum non-zero probability:   1.13953e-25
per-segment maximum non-zero probability:   0.17907
per-segment probability dynamic range (kT): 55.714
norm = 1, error in norm = -3.33067e-16 (-1.5*epsilon)
MAB binning in use
Bottleneck bin occupancy may not be accurately reported
Waiting for segments to complete...
Iteration completed successfully
Iteration wallclock: 0:38:21.438454, cputime: 3:01:57.074920


Fri Feb  9 04:16:38 2024
Iteration 65 (500 requested)
Beginning iteration 65
132 segments remain in iteration 65 (132 total)
33 of 40 (82.500000%) active bins are populated
per-bin minimum non-zero probability:       2.27905e-25
per-bin maximum probability:                0.349216
per-bin probability dynamic range (kT):     55.6888
per-segment minimum non-zero probability:   5.69763e-26
per-segment maximum non-zero probability:   0.144399
per-segment probability dynamic range (kT): 56.192
norm = 1, error in norm = 0 (0*epsilon)
MAB binning in use
Bottleneck bin occupancy may not be accurately reported
Waiting for segments to complete...
Iteration completed successfully
Iteration wallclock: 0:39:23.537623, cputime: 3:09:12.574328


Fri Feb  9 04:56:02 2024
Iteration 66 (500 requested)
Beginning iteration 66
136 segments remain in iteration 66 (136 total)
33 of 40 (82.500000%) active bins are populated
per-bin minimum non-zero probability:       5.69763e-26
per-bin maximum probability:                0.518434
per-bin probability dynamic range (kT):     57.4702
per-segment minimum non-zero probability:   1.42441e-26
per-segment maximum non-zero probability:   0.147546
per-segment probability dynamic range (kT): 57.5998
norm = 1, error in norm = 0 (0*epsilon)
MAB binning in use
Bottleneck bin occupancy may not be accurately reported
Waiting for segments to complete...
Iteration completed successfully
Iteration wallclock: 0:41:10.533790, cputime: 3:14:18.643119


Fri Feb  9 05:37:12 2024
Iteration 67 (500 requested)
Beginning iteration 67
128 segments remain in iteration 67 (128 total)
32 of 40 (80.000000%) active bins are populated
per-bin minimum non-zero probability:       1.50987e-24
per-bin maximum probability:                0.573339
per-bin probability dynamic range (kT):     54.2937
per-segment minimum non-zero probability:   2.84881e-25
per-segment maximum non-zero probability:   0.156943
per-segment probability dynamic range (kT): 54.6659
norm = 1, error in norm = -1.11022e-16 (-0.5*epsilon)
MAB binning in use
Bottleneck bin occupancy may not be accurately reported
Waiting for segments to complete...
Iteration completed successfully
Iteration wallclock: 0:38:46.185509, cputime: 3:04:54.217022


Fri Feb  9 06:15:59 2024
Iteration 68 (500 requested)
Beginning iteration 68
136 segments remain in iteration 68 (136 total)
34 of 40 (85.000000%) active bins are populated
per-bin minimum non-zero probability:       2.84881e-25
per-bin maximum probability:                0.325661
per-bin probability dynamic range (kT):     55.3958
per-segment minimum non-zero probability:   7.12203e-26
per-segment maximum non-zero probability:   0.144399
per-segment probability dynamic range (kT): 55.9688
norm = 1, error in norm = -1.11022e-16 (-0.5*epsilon)
MAB binning in use
Bottleneck bin occupancy may not be accurately reported
Waiting for segments to complete...
Iteration completed successfully
Iteration wallclock: 0:41:01.129529, cputime: 3:14:32.544847


Fri Feb  9 06:57:00 2024
Iteration 69 (500 requested)
Beginning iteration 69
132 segments remain in iteration 69 (132 total)
32 of 40 (80.000000%) active bins are populated
per-bin minimum non-zero probability:       7.12203e-26
per-bin maximum probability:                0.390197
per-bin probability dynamic range (kT):     56.9629
per-segment minimum non-zero probability:   3.56102e-26
per-segment maximum non-zero probability:   0.144399
per-segment probability dynamic range (kT): 56.662
norm = 1, error in norm = 0 (0*epsilon)
MAB binning in use
Bottleneck bin occupancy may not be accurately reported
Waiting for segments to complete...
Iteration completed successfully
Iteration wallclock: 0:39:52.646911, cputime: 3:10:13.259760


Fri Feb  9 07:36:53 2024
Iteration 70 (500 requested)
Beginning iteration 70
128 segments remain in iteration 70 (128 total)
32 of 40 (80.000000%) active bins are populated
per-bin minimum non-zero probability:       1.42441e-25
per-bin maximum probability:                0.312952
per-bin probability dynamic range (kT):     56.0492
per-segment minimum non-zero probability:   3.56102e-26
per-segment maximum non-zero probability:   0.10318
per-segment probability dynamic range (kT): 56.3259
norm = 1, error in norm = -1.11022e-16 (-0.5*epsilon)
MAB binning in use
Bottleneck bin occupancy may not be accurately reported
Waiting for segments to complete...
Iteration completed successfully
Iteration wallclock: 0:38:40.296872, cputime: 3:03:32.437262


Fri Feb  9 08:15:33 2024
Iteration 71 (500 requested)
Beginning iteration 71
124 segments remain in iteration 71 (124 total)
31 of 40 (77.500000%) active bins are populated
per-bin minimum non-zero probability:       3.56102e-26
per-bin maximum probability:                0.359754
per-bin probability dynamic range (kT):     57.5748
per-segment minimum non-zero probability:   8.90254e-27
per-segment maximum non-zero probability:   0.156126
per-segment probability dynamic range (kT): 58.1264
norm = 1, error in norm = -2.22045e-16 (-1*epsilon)
MAB binning in use
Bottleneck bin occupancy may not be accurately reported
Waiting for segments to complete...
Iteration completed successfully
Iteration wallclock: 0:37:02.047035, cputime: 2:58:11.803511


Fri Feb  9 08:52:35 2024
Iteration 72 (500 requested)
Beginning iteration 72
128 segments remain in iteration 72 (128 total)
32 of 40 (80.000000%) active bins are populated
per-bin minimum non-zero probability:       2.67076e-26
per-bin maximum probability:                0.406423
per-bin probability dynamic range (kT):     57.9845
per-segment minimum non-zero probability:   4.45127e-27
per-segment maximum non-zero probability:   0.156126
per-segment probability dynamic range (kT): 58.8195
norm = 1, error in norm = -1.11022e-16 (-0.5*epsilon)
MAB binning in use
Bottleneck bin occupancy may not be accurately reported
Waiting for segments to complete...
Iteration completed successfully
Iteration wallclock: 0:38:43.845782, cputime: 3:03:21.854006


Fri Feb  9 09:31:19 2024
Iteration 73 (500 requested)
Beginning iteration 73
132 segments remain in iteration 73 (132 total)
34 of 40 (85.000000%) active bins are populated
per-bin minimum non-zero probability:       4.10355e-22
per-bin maximum probability:                0.392613
per-bin probability dynamic range (kT):     48.3101
per-segment minimum non-zero probability:   1.02589e-22
per-segment maximum non-zero probability:   0.142034
per-segment probability dynamic range (kT): 48.6796
norm = 1, error in norm = -1.11022e-16 (-0.5*epsilon)
MAB binning in use
Bottleneck bin occupancy may not be accurately reported
Waiting for segments to complete...
Iteration completed successfully
Iteration wallclock: 0:39:47.940128, cputime: 3:10:28.572434


Fri Feb  9 10:11:07 2024
Iteration 74 (500 requested)
Beginning iteration 74
136 segments remain in iteration 74 (136 total)
34 of 40 (85.000000%) active bins are populated
per-bin minimum non-zero probability:       6.4289e-22
per-bin maximum probability:                0.409631
per-bin probability dynamic range (kT):     47.9036
per-segment minimum non-zero probability:   1.60722e-22
per-segment maximum non-zero probability:   0.142034
per-segment probability dynamic range (kT): 48.2307
norm = 1, error in norm = -2.22045e-16 (-1*epsilon)
MAB binning in use
Bottleneck bin occupancy may not be accurately reported
Waiting for segments to complete...
Iteration completed successfully
Iteration wallclock: 0:41:05.678277, cputime: 3:14:35.639944


Fri Feb  9 10:52:13 2024
Iteration 75 (500 requested)
Beginning iteration 75
132 segments remain in iteration 75 (132 total)
33 of 40 (82.500000%) active bins are populated
per-bin minimum non-zero probability:       1.60726e-22
per-bin maximum probability:                0.417979
per-bin probability dynamic range (kT):     49.31
per-segment minimum non-zero probability:   4.01814e-23
per-segment maximum non-zero probability:   0.142034
per-segment probability dynamic range (kT): 49.6169
norm = 1, error in norm = -1.11022e-16 (-0.5*epsilon)
MAB binning in use
Bottleneck bin occupancy may not be accurately reported
Waiting for segments to complete...
Iteration completed successfully
Iteration wallclock: 0:39:09.759903, cputime: 3:09:01.668417


Fri Feb  9 11:31:22 2024
Iteration 76 (500 requested)
Beginning iteration 76
140 segments remain in iteration 76 (140 total)
35 of 40 (87.500000%) active bins are populated
per-bin minimum non-zero probability:       8.03629e-23
per-bin maximum probability:                0.302907
per-bin probability dynamic range (kT):     49.6812
per-segment minimum non-zero probability:   2.00907e-23
per-segment maximum non-zero probability:   0.189273
per-segment probability dynamic range (kT): 50.5972
norm = 1, error in norm = -1.11022e-16 (-0.5*epsilon)
MAB binning in use
Bottleneck bin occupancy may not be accurately reported
Waiting for segments to complete...
Iteration completed successfully
Iteration wallclock: 0:41:55.249155, cputime: 3:21:04.521362


Fri Feb  9 12:13:18 2024
Iteration 77 (500 requested)
Beginning iteration 77
144 segments remain in iteration 77 (144 total)
36 of 40 (90.000000%) active bins are populated
per-bin minimum non-zero probability:       4.01814e-23
per-bin maximum probability:                0.410621
per-bin probability dynamic range (kT):     50.6786
per-segment minimum non-zero probability:   1.00454e-23
per-segment maximum non-zero probability:   0.113634
per-segment probability dynamic range (kT): 50.7802
norm = 1, error in norm = -2.22045e-16 (-1*epsilon)
MAB binning in use
Bottleneck bin occupancy may not be accurately reported
Waiting for segments to complete...
Iteration completed successfully
Iteration wallclock: 0:43:10.302327, cputime: 3:25:32.531854


Fri Feb  9 12:56:28 2024
Iteration 78 (500 requested)
Beginning iteration 78
148 segments remain in iteration 78 (148 total)
37 of 40 (92.500000%) active bins are populated
per-bin minimum non-zero probability:       1.00454e-23
per-bin maximum probability:                0.309222
per-bin probability dynamic range (kT):     51.7812
per-segment minimum non-zero probability:   2.51134e-24
per-segment maximum non-zero probability:   0.0946365
per-segment probability dynamic range (kT): 51.9835
norm = 1, error in norm = -1.11022e-16 (-0.5*epsilon)
MAB binning in use
Bottleneck bin occupancy may not be accurately reported
Waiting for segments to complete...
Iteration completed successfully
Iteration wallclock: 0:44:27.962237, cputime: 3:33:42.060908


Fri Feb  9 13:40:56 2024
Iteration 79 (500 requested)
Beginning iteration 79
144 segments remain in iteration 79 (144 total)
36 of 40 (90.000000%) active bins are populated
per-bin minimum non-zero probability:       2.51134e-24
per-bin maximum probability:                0.413561
per-bin probability dynamic range (kT):     53.4583
per-segment minimum non-zero probability:   6.27835e-25
per-segment maximum non-zero probability:   0.129653
per-segment probability dynamic range (kT): 53.6846
norm = 1, error in norm = -2.22045e-16 (-1*epsilon)
MAB binning in use
Bottleneck bin occupancy may not be accurately reported
Waiting for segments to complete...
Iteration completed successfully
Iteration wallclock: 0:43:15.203038, cputime: 3:27:32.563614


Fri Feb  9 14:24:11 2024
Iteration 80 (500 requested)
Beginning iteration 80
120 segments remain in iteration 80 (120 total)
30 of 40 (75.000000%) active bins are populated
per-bin minimum non-zero probability:       3.76701e-24
per-bin maximum probability:                0.526061
per-bin probability dynamic range (kT):     53.2934
per-segment minimum non-zero probability:   6.27835e-25
per-segment maximum non-zero probability:   0.138551
per-segment probability dynamic range (kT): 53.751
norm = 1, error in norm = -1.11022e-16 (-0.5*epsilon)
MAB binning in use
Bottleneck bin occupancy may not be accurately reported
Waiting for segments to complete...
Iteration completed successfully
Iteration wallclock: 0:36:03.110913, cputime: 2:53:16.231599


Fri Feb  9 15:00:14 2024
Iteration 81 (500 requested)
Beginning iteration 81
136 segments remain in iteration 81 (136 total)
34 of 40 (85.000000%) active bins are populated
per-bin minimum non-zero probability:       2.51134e-24
per-bin maximum probability:                0.259053
per-bin probability dynamic range (kT):     52.9905
per-segment minimum non-zero probability:   6.27835e-25
per-segment maximum non-zero probability:   0.138551
per-segment probability dynamic range (kT): 53.751
norm = 1, error in norm = -2.22045e-16 (-1*epsilon)
MAB binning in use
Bottleneck bin occupancy may not be accurately reported
Waiting for segments to complete...
Iteration completed successfully
Iteration wallclock: 0:41:19.311101, cputime: 3:15:07.966544


Fri Feb  9 15:41:34 2024
Iteration 82 (500 requested)
Beginning iteration 82
140 segments remain in iteration 82 (140 total)
35 of 40 (87.500000%) active bins are populated
per-bin minimum non-zero probability:       6.91929e-25
per-bin maximum probability:                0.296135
per-bin probability dynamic range (kT):     54.4134
per-segment minimum non-zero probability:   1.56959e-25
per-segment maximum non-zero probability:   0.120502
per-segment probability dynamic range (kT): 54.9977
norm = 1, error in norm = -1.11022e-16 (-0.5*epsilon)
MAB binning in use
Bottleneck bin occupancy may not be accurately reported
Waiting for segments to complete...
Iteration completed successfully
Iteration wallclock: 0:41:44.443067, cputime: 3:21:06.323857


Fri Feb  9 16:23:18 2024
Iteration 83 (500 requested)
Beginning iteration 83
140 segments remain in iteration 83 (140 total)
35 of 40 (87.500000%) active bins are populated
per-bin minimum non-zero probability:       6.91929e-25
per-bin maximum probability:                0.410599
per-bin probability dynamic range (kT):     54.7402
per-segment minimum non-zero probability:   1.72982e-25
per-segment maximum non-zero probability:   0.120502
per-segment probability dynamic range (kT): 54.9005
norm = 1, error in norm = -1.11022e-16 (-0.5*epsilon)
MAB binning in use
Bottleneck bin occupancy may not be accurately reported
Waiting for segments to complete...
Iteration completed successfully
Iteration wallclock: 0:41:58.072939, cputime: 3:22:03.027171


Fri Feb  9 17:05:16 2024
Iteration 84 (500 requested)
Beginning iteration 84
144 segments remain in iteration 84 (144 total)
36 of 40 (90.000000%) active bins are populated
per-bin minimum non-zero probability:       1.88351e-24
per-bin maximum probability:                0.506657
per-bin probability dynamic range (kT):     53.949
per-segment minimum non-zero probability:   4.18557e-25
per-segment maximum non-zero probability:   0.165107
per-segment probability dynamic range (kT): 54.3318
norm = 1, error in norm = -1.11022e-16 (-0.5*epsilon)
MAB binning in use
Bottleneck bin occupancy may not be accurately reported
Waiting for segments to complete...
Iteration completed successfully
Iteration wallclock: 0:43:32.763174, cputime: 3:25:52.830640


Fri Feb  9 17:48:49 2024
Iteration 85 (500 requested)
Beginning iteration 85
148 segments remain in iteration 85 (148 total)
37 of 40 (92.500000%) active bins are populated
per-bin minimum non-zero probability:       2.80097e-22
per-bin maximum probability:                0.251719
per-bin probability dynamic range (kT):     48.2475
per-segment minimum non-zero probability:   1.06904e-23
per-segment maximum non-zero probability:   0.106413
per-segment probability dynamic range (kT): 50.6523
norm = 1, error in norm = -2.22045e-16 (-1*epsilon)
MAB binning in use
Bottleneck bin occupancy may not be accurately reported
Waiting for segments to complete...
Iteration completed successfully
Iteration wallclock: 0:44:29.155195, cputime: 3:33:14.905964


Fri Feb  9 18:33:18 2024
Iteration 86 (500 requested)
Beginning iteration 86
132 segments remain in iteration 86 (132 total)
33 of 40 (82.500000%) active bins are populated
per-bin minimum non-zero probability:       1.40048e-22
per-bin maximum probability:                0.502616
per-bin probability dynamic range (kT):     49.6321
per-segment minimum non-zero probability:   3.50121e-23
per-segment maximum non-zero probability:   0.176392
per-segment probability dynamic range (kT): 49.9713
norm = 1, error in norm = -1.11022e-16 (-0.5*epsilon)
MAB binning in use
Bottleneck bin occupancy may not be accurately reported
Waiting for segments to complete...
Iteration completed successfully
Iteration wallclock: 0:39:50.944910, cputime: 3:10:43.846851


Fri Feb  9 19:13:09 2024
Iteration 87 (500 requested)
Beginning iteration 87
140 segments remain in iteration 87 (140 total)
35 of 40 (87.500000%) active bins are populated
per-bin minimum non-zero probability:       3.50121e-23
per-bin maximum probability:                0.452477
per-bin probability dynamic range (kT):     50.9133
per-segment minimum non-zero probability:   8.75302e-24
per-segment maximum non-zero probability:   0.176392
per-segment probability dynamic range (kT): 51.3576
norm = 1, error in norm = -1.11022e-16 (-0.5*epsilon)
MAB binning in use
Bottleneck bin occupancy may not be accurately reported
Waiting for segments to complete...
Iteration completed successfully
Iteration wallclock: 0:41:53.852319, cputime: 3:21:52.072055


Fri Feb  9 19:55:03 2024
Iteration 88 (500 requested)
Beginning iteration 88
144 segments remain in iteration 88 (144 total)
36 of 40 (90.000000%) active bins are populated
per-bin minimum non-zero probability:       8.75302e-24
per-bin maximum probability:                0.314597
per-bin probability dynamic range (kT):     51.9362
per-segment minimum non-zero probability:   2.18825e-24
per-segment maximum non-zero probability:   0.109619
per-segment probability dynamic range (kT): 52.2682
norm = 1, error in norm = -1.11022e-16 (-0.5*epsilon)
MAB binning in use
Bottleneck bin occupancy may not be accurately reported
Waiting for segments to complete...
Iteration completed successfully
Iteration wallclock: 0:43:30.595067, cputime: 3:26:27.789632


Fri Feb  9 20:38:34 2024
Iteration 89 (500 requested)
Beginning iteration 89
144 segments remain in iteration 89 (144 total)
36 of 40 (90.000000%) active bins are populated
per-bin minimum non-zero probability:       8.75302e-24
per-bin maximum probability:                0.356906
per-bin probability dynamic range (kT):     52.0624
per-segment minimum non-zero probability:   2.18825e-24
per-segment maximum non-zero probability:   0.109619
per-segment probability dynamic range (kT): 52.2682
norm = 1, error in norm = -1.11022e-16 (-0.5*epsilon)
MAB binning in use
Bottleneck bin occupancy may not be accurately reported
Waiting for segments to complete...
Iteration completed successfully
Iteration wallclock: 0:43:27.541650, cputime: 3:28:33.572013


Fri Feb  9 21:22:01 2024
Iteration 90 (500 requested)
Beginning iteration 90
136 segments remain in iteration 90 (136 total)
32 of 40 (80.000000%) active bins are populated
per-bin minimum non-zero probability:       2.26125e-23
per-bin maximum probability:                0.355957
per-bin probability dynamic range (kT):     51.1106
per-segment minimum non-zero probability:   5.65313e-24
per-segment maximum non-zero probability:   0.109619
per-segment probability dynamic range (kT): 51.3191
norm = 1, error in norm = -2.22045e-16 (-1*epsilon)
MAB binning in use
Bottleneck bin occupancy may not be accurately reported
Waiting for segments to complete...
Iteration completed successfully
Iteration wallclock: 0:41:10.379340, cputime: 3:16:39.356342


Fri Feb  9 22:03:12 2024
Iteration 91 (500 requested)
Beginning iteration 91
132 segments remain in iteration 91 (132 total)
33 of 40 (82.500000%) active bins are populated
per-bin minimum non-zero probability:       4.05451e-23
per-bin maximum probability:                0.364977
per-bin probability dynamic range (kT):     50.5517
per-segment minimum non-zero probability:   1.01363e-23
per-segment maximum non-zero probability:   0.109619
per-segment probability dynamic range (kT): 50.7352
norm = 1, error in norm = -1.11022e-16 (-0.5*epsilon)
MAB binning in use
Bottleneck bin occupancy may not be accurately reported
Waiting for segments to complete...
Iteration completed successfully
Iteration wallclock: 0:39:38.554055, cputime: 3:10:05.682728


Fri Feb  9 22:42:50 2024
Iteration 92 (500 requested)
Beginning iteration 92
128 segments remain in iteration 92 (128 total)
32 of 40 (80.000000%) active bins are populated
per-bin minimum non-zero probability:       1.01363e-23
per-bin maximum probability:                0.269523
per-bin probability dynamic range (kT):     51.6348
per-segment minimum non-zero probability:   2.53407e-24
per-segment maximum non-zero probability:   0.101107
per-segment probability dynamic range (kT): 52.0406
norm = 1, error in norm = -2.22045e-16 (-1*epsilon)
MAB binning in use
Bottleneck bin occupancy may not be accurately reported
Waiting for segments to complete...
Iteration completed successfully
Iteration wallclock: 0:38:23.363832, cputime: 3:03:43.537032


Fri Feb  9 23:21:14 2024
Iteration 93 (500 requested)
Beginning iteration 93
128 segments remain in iteration 93 (128 total)
32 of 40 (80.000000%) active bins are populated
per-bin minimum non-zero probability:       3.40424e-21
per-bin maximum probability:                0.386582
per-bin probability dynamic range (kT):     46.1789
per-segment minimum non-zero probability:   8.51059e-22
per-segment maximum non-zero probability:   0.120088
per-segment probability dynamic range (kT): 46.396
norm = 1, error in norm = -1.11022e-16 (-0.5*epsilon)
MAB binning in use
Bottleneck bin occupancy may not be accurately reported
Waiting for segments to complete...
Iteration completed successfully
Iteration wallclock: 0:39:12.722972, cputime: 3:05:11.323342


Sat Feb 10 00:00:27 2024
Iteration 94 (500 requested)
Beginning iteration 94
136 segments remain in iteration 94 (136 total)
32 of 40 (80.000000%) active bins are populated
per-bin minimum non-zero probability:       8.51059e-22
per-bin maximum probability:                0.344174
per-bin probability dynamic range (kT):     47.449
per-segment minimum non-zero probability:   2.12765e-22
per-segment maximum non-zero probability:   0.120088
per-segment probability dynamic range (kT): 47.7823
norm = 1, error in norm = -2.22045e-16 (-1*epsilon)
MAB binning in use
Bottleneck bin occupancy may not be accurately reported
Waiting for segments to complete...
Iteration completed successfully
Iteration wallclock: 0:40:50.248538, cputime: 3:16:39.322992


Sat Feb 10 00:41:17 2024
Iteration 95 (500 requested)
Beginning iteration 95
120 segments remain in iteration 95 (120 total)
29 of 40 (72.500000%) active bins are populated
per-bin minimum non-zero probability:       2.12765e-22
per-bin maximum probability:                0.487689
per-bin probability dynamic range (kT):     49.1838
per-segment minimum non-zero probability:   5.31912e-23
per-segment maximum non-zero probability:   0.120088
per-segment probability dynamic range (kT): 49.1686
norm = 1, error in norm = -2.22045e-16 (-1*epsilon)
MAB binning in use
Bottleneck bin occupancy may not be accurately reported
Waiting for segments to complete...
Iteration completed successfully
Iteration wallclock: 0:36:15.393593, cputime: 2:51:43.259649


Sat Feb 10 01:17:33 2024
Iteration 96 (500 requested)
Beginning iteration 96
132 segments remain in iteration 96 (132 total)
32 of 40 (80.000000%) active bins are populated
per-bin minimum non-zero probability:       5.31912e-23
per-bin maximum probability:                0.395928
per-bin probability dynamic range (kT):     50.3616
per-segment minimum non-zero probability:   1.32978e-23
per-segment maximum non-zero probability:   0.120088
per-segment probability dynamic range (kT): 50.5549
norm = 1, error in norm = -1.11022e-16 (-0.5*epsilon)
MAB binning in use
Bottleneck bin occupancy may not be accurately reported
Waiting for segments to complete...
Iteration completed successfully
Iteration wallclock: 0:39:18.852175, cputime: 3:09:04.370957


Sat Feb 10 01:56:51 2024
Iteration 97 (500 requested)
Beginning iteration 97
140 segments remain in iteration 97 (140 total)
35 of 40 (87.500000%) active bins are populated
per-bin minimum non-zero probability:       1.32978e-23
per-bin maximum probability:                0.316109
per-bin probability dynamic range (kT):     51.5228
per-segment minimum non-zero probability:   3.32445e-24
per-segment maximum non-zero probability:   0.120088
per-segment probability dynamic range (kT): 51.9412
norm = 1, error in norm = -2.22045e-16 (-1*epsilon)
MAB binning in use
Bottleneck bin occupancy may not be accurately reported
Waiting for segments to complete...
Iteration completed successfully
Iteration wallclock: 0:41:59.313366, cputime: 3:21:47.200582


Sat Feb 10 02:38:51 2024
Iteration 98 (500 requested)
Beginning iteration 98
140 segments remain in iteration 98 (140 total)
35 of 40 (87.500000%) active bins are populated
per-bin minimum non-zero probability:       3.32445e-24
per-bin maximum probability:                0.29746
per-bin probability dynamic range (kT):     52.8483
per-segment minimum non-zero probability:   8.31113e-25
per-segment maximum non-zero probability:   0.120088
per-segment probability dynamic range (kT): 53.3275
norm = 1, error in norm = -1.11022e-16 (-0.5*epsilon)
MAB binning in use
Bottleneck bin occupancy may not be accurately reported
Waiting for segments to complete...
Iteration completed successfully
Iteration wallclock: 0:41:49.956591, cputime: 3:21:35.619187


Sat Feb 10 03:20:41 2024
Iteration 99 (500 requested)
Beginning iteration 99
148 segments remain in iteration 99 (148 total)
37 of 40 (92.500000%) active bins are populated
per-bin minimum non-zero probability:       8.31113e-25
per-bin maximum probability:                0.325778
per-bin probability dynamic range (kT):     54.3255
per-segment minimum non-zero probability:   2.07778e-25
per-segment maximum non-zero probability:   0.114468
per-segment probability dynamic range (kT): 54.6659
norm = 1, error in norm = -1.11022e-16 (-0.5*epsilon)
MAB binning in use
Bottleneck bin occupancy may not be accurately reported
Waiting for segments to complete...
Iteration completed successfully
Iteration wallclock: 0:44:18.614606, cputime: 3:33:30.440426


Sat Feb 10 04:04:59 2024
Iteration 100 (500 requested)
Beginning iteration 100
128 segments remain in iteration 100 (128 total)
32 of 40 (80.000000%) active bins are populated
per-bin minimum non-zero probability:       2.07778e-25
per-bin maximum probability:                0.327441
per-bin probability dynamic range (kT):     55.7169
per-segment minimum non-zero probability:   5.19445e-26
per-segment maximum non-zero probability:   0.114468
per-segment probability dynamic range (kT): 56.0522
norm = 1, error in norm = -2.22045e-16 (-1*epsilon)
MAB binning in use
Bottleneck bin occupancy may not be accurately reported
Waiting for segments to complete...
Iteration completed successfully
Iteration wallclock: 0:38:35.972914, cputime: 3:05:09.187542


Sat Feb 10 04:43:35 2024
Iteration 101 (500 requested)
Beginning iteration 101
144 segments remain in iteration 101 (144 total)
34 of 40 (85.000000%) active bins are populated
per-bin minimum non-zero probability:       5.19445e-26
per-bin maximum probability:                0.422355
per-bin probability dynamic range (kT):     57.3577
per-segment minimum non-zero probability:   1.29861e-26
per-segment maximum non-zero probability:   0.0995064
per-segment probability dynamic range (kT): 57.2984
norm = 1, error in norm = -2.22045e-16 (-1*epsilon)
MAB binning in use
Bottleneck bin occupancy may not be accurately reported
Waiting for segments to complete...
Iteration completed successfully
Iteration wallclock: 0:43:24.200470, cputime: 3:27:11.827608


Sat Feb 10 05:27:00 2024
Iteration 102 (500 requested)
Beginning iteration 102
136 segments remain in iteration 102 (136 total)
34 of 40 (85.000000%) active bins are populated
per-bin minimum non-zero probability:       1.29861e-26
per-bin maximum probability:                0.571275
per-bin probability dynamic range (kT):     59.046
per-segment minimum non-zero probability:   3.24653e-27
per-segment maximum non-zero probability:   0.172586
per-segment probability dynamic range (kT): 59.2353
norm = 1, error in norm = -2.22045e-16 (-1*epsilon)
MAB binning in use
Bottleneck bin occupancy may not be accurately reported
Waiting for segments to complete...
Iteration completed successfully
Iteration wallclock: 0:41:09.827609, cputime: 3:16:16.189268


Sat Feb 10 06:08:10 2024
Iteration 103 (500 requested)
Beginning iteration 103
144 segments remain in iteration 103 (144 total)
36 of 40 (90.000000%) active bins are populated
per-bin minimum non-zero probability:       3.24653e-27
per-bin maximum probability:                0.447478
per-bin probability dynamic range (kT):     60.1881
per-segment minimum non-zero probability:   8.11634e-28
per-segment maximum non-zero probability:   0.172586
per-segment probability dynamic range (kT): 60.6216
norm = 1, error in norm = -2.22045e-16 (-1*epsilon)
MAB binning in use
Bottleneck bin occupancy may not be accurately reported
Waiting for segments to complete...
Iteration completed successfully
Iteration wallclock: 0:43:17.192116, cputime: 3:28:08.179084


Sat Feb 10 06:51:27 2024
Iteration 104 (500 requested)
Beginning iteration 104
136 segments remain in iteration 104 (136 total)
34 of 40 (85.000000%) active bins are populated
per-bin minimum non-zero probability:       8.11634e-28
per-bin maximum probability:                0.338529
per-bin probability dynamic range (kT):     61.2954
per-segment minimum non-zero probability:   2.02908e-28
per-segment maximum non-zero probability:   0.120088
per-segment probability dynamic range (kT): 61.6453
norm = 1, error in norm = -1.11022e-16 (-0.5*epsilon)
MAB binning in use
Bottleneck bin occupancy may not be accurately reported
Waiting for segments to complete...
Iteration completed successfully
Iteration wallclock: 0:40:42.059226, cputime: 3:15:32.540987


Sat Feb 10 07:32:09 2024
Iteration 105 (500 requested)
Beginning iteration 105
132 segments remain in iteration 105 (132 total)
31 of 40 (77.500000%) active bins are populated
per-bin minimum non-zero probability:       2.02908e-28
per-bin maximum probability:                0.366851
per-bin probability dynamic range (kT):     62.762
per-segment minimum non-zero probability:   5.07271e-29
per-segment maximum non-zero probability:   0.120088
per-segment probability dynamic range (kT): 63.0316
norm = 1, error in norm = -2.22045e-16 (-1*epsilon)
MAB binning in use
Bottleneck bin occupancy may not be accurately reported
Waiting for segments to complete...
Iteration completed successfully
Iteration wallclock: 0:39:28.921089, cputime: 3:08:24.943456


Sat Feb 10 08:11:38 2024
Iteration 106 (500 requested)
Beginning iteration 106
136 segments remain in iteration 106 (136 total)
34 of 40 (85.000000%) active bins are populated
per-bin minimum non-zero probability:       4.01908e-24
per-bin maximum probability:                0.458611
per-bin probability dynamic range (kT):     53.0914
per-segment minimum non-zero probability:   1.00477e-24
per-segment maximum non-zero probability:   0.143379
per-segment probability dynamic range (kT): 53.315
norm = 1, error in norm = -1.11022e-16 (-0.5*epsilon)
MAB binning in use
Bottleneck bin occupancy may not be accurately reported
Waiting for segments to complete...
Iteration completed successfully
Iteration wallclock: 0:41:37.356157, cputime: 3:14:27.567448


Sat Feb 10 08:53:15 2024
Iteration 107 (500 requested)
Beginning iteration 107
136 segments remain in iteration 107 (136 total)
34 of 40 (85.000000%) active bins are populated
per-bin minimum non-zero probability:       1.00477e-24
per-bin maximum probability:                0.458611
per-bin probability dynamic range (kT):     54.4777
per-segment minimum non-zero probability:   2.51192e-25
per-segment maximum non-zero probability:   0.143379
per-segment probability dynamic range (kT): 54.7013
norm = 1, error in norm = -1.11022e-16 (-0.5*epsilon)
MAB binning in use
Bottleneck bin occupancy may not be accurately reported
Waiting for segments to complete...
Iteration completed successfully
Iteration wallclock: 0:41:13.432076, cputime: 3:15:11.323955


Sat Feb 10 09:34:29 2024
Iteration 108 (500 requested)
Beginning iteration 108
132 segments remain in iteration 108 (132 total)
33 of 40 (82.500000%) active bins are populated
per-bin minimum non-zero probability:       2.51192e-25
per-bin maximum probability:                0.571235
per-bin probability dynamic range (kT):     56.0836
per-segment minimum non-zero probability:   6.27981e-26
per-segment maximum non-zero probability:   0.195144
per-segment probability dynamic range (kT): 56.3959
norm = 1, error in norm = -1.11022e-16 (-0.5*epsilon)
MAB binning in use
Bottleneck bin occupancy may not be accurately reported
Waiting for segments to complete...
Iteration completed successfully
Iteration wallclock: 0:39:47.608763, cputime: 3:10:35.488259


Sat Feb 10 10:14:16 2024
Iteration 109 (500 requested)
Beginning iteration 109
136 segments remain in iteration 109 (136 total)
34 of 40 (85.000000%) active bins are populated
per-bin minimum non-zero probability:       6.7194e-24
per-bin maximum probability:                0.571235
per-bin probability dynamic range (kT):     52.7971
per-segment minimum non-zero probability:   1.33969e-24
per-segment maximum non-zero probability:   0.195144
per-segment probability dynamic range (kT): 53.3356
norm = 1, error in norm = -2.22045e-16 (-1*epsilon)
MAB binning in use
Bottleneck bin occupancy may not be accurately reported
Waiting for segments to complete...
Iteration completed successfully
Iteration wallclock: 0:41:00.929697, cputime: 3:16:42.841219


Sat Feb 10 10:55:17 2024
Iteration 110 (500 requested)
Beginning iteration 110
120 segments remain in iteration 110 (120 total)
30 of 40 (75.000000%) active bins are populated
per-bin minimum non-zero probability:       3.37016e-24
per-bin maximum probability:                0.338523
per-bin probability dynamic range (kT):     52.9639
per-segment minimum non-zero probability:   6.76824e-25
per-segment maximum non-zero probability:   0.143379
per-segment probability dynamic range (kT): 53.7101
norm = 1, error in norm = -2.22045e-16 (-1*epsilon)
MAB binning in use
Bottleneck bin occupancy may not be accurately reported
Waiting for segments to complete...
Iteration completed successfully
Iteration wallclock: 0:36:15.289834, cputime: 2:52:53.503856


Sat Feb 10 11:31:33 2024
Iteration 111 (500 requested)
Beginning iteration 111
132 segments remain in iteration 111 (132 total)
33 of 40 (82.500000%) active bins are populated
per-bin minimum non-zero probability:       1.98895e-23
per-bin maximum probability:                0.385806
per-bin probability dynamic range (kT):     51.3194
per-segment minimum non-zero probability:   4.97237e-24
per-segment maximum non-zero probability:   0.126058
per-segment probability dynamic range (kT): 51.5871
norm = 1, error in norm = -2.22045e-16 (-1*epsilon)
MAB binning in use
Bottleneck bin occupancy may not be accurately reported
Waiting for segments to complete...
Iteration completed successfully
Iteration wallclock: 0:39:21.735949, cputime: 3:09:27.475307


Sat Feb 10 12:10:54 2024
Iteration 112 (500 requested)
Beginning iteration 112
128 segments remain in iteration 112 (128 total)
32 of 40 (80.000000%) active bins are populated
per-bin minimum non-zero probability:       7.19218e-24
per-bin maximum probability:                0.508883
per-bin probability dynamic range (kT):     52.6135
per-segment minimum non-zero probability:   1.79804e-24
per-segment maximum non-zero probability:   0.158109
per-segment probability dynamic range (kT): 52.8309
norm = 1, error in norm = -4.44089e-16 (-2*epsilon)
MAB binning in use
Bottleneck bin occupancy may not be accurately reported
Waiting for segments to complete...
Iteration completed successfully
Iteration wallclock: 0:38:56.684674, cputime: 3:05:34.913947


Sat Feb 10 12:49:51 2024
Iteration 113 (500 requested)
Beginning iteration 113
136 segments remain in iteration 113 (136 total)
34 of 40 (85.000000%) active bins are populated
per-bin minimum non-zero probability:       4.19544e-24
per-bin maximum probability:                0.362722
per-bin probability dynamic range (kT):     52.8139
per-segment minimum non-zero probability:   7.99131e-25
per-segment maximum non-zero probability:   0.130096
per-segment probability dynamic range (kT): 53.4468
norm = 1, error in norm = -2.22045e-16 (-1*epsilon)
MAB binning in use
Bottleneck bin occupancy may not be accurately reported
Waiting for segments to complete...
Iteration completed successfully
Iteration wallclock: 0:41:24.305135, cputime: 3:17:26.517130


Sat Feb 10 13:31:15 2024
Iteration 114 (500 requested)
Beginning iteration 114
136 segments remain in iteration 114 (136 total)
34 of 40 (85.000000%) active bins are populated
per-bin minimum non-zero probability:       1.24309e-24
per-bin maximum probability:                0.406045
per-bin probability dynamic range (kT):     54.1431
per-segment minimum non-zero probability:   3.10773e-25
per-segment maximum non-zero probability:   0.135312
per-segment probability dynamic range (kT): 54.4306
norm = 1, error in norm = -3.33067e-16 (-1.5*epsilon)
MAB binning in use
Bottleneck bin occupancy may not be accurately reported
Waiting for segments to complete...
Iteration completed successfully
Iteration wallclock: 0:41:38.381993, cputime: 3:16:20.375026


Sat Feb 10 14:12:54 2024
Iteration 115 (500 requested)
Beginning iteration 115
140 segments remain in iteration 115 (140 total)
35 of 40 (87.500000%) active bins are populated
per-bin minimum non-zero probability:       1.79804e-24
per-bin maximum probability:                0.309623
per-bin probability dynamic range (kT):     53.5029
per-segment minimum non-zero probability:   4.49511e-25
per-segment maximum non-zero probability:   0.0955862
per-segment probability dynamic range (kT): 53.7139
norm = 1, error in norm = -2.22045e-16 (-1*epsilon)
MAB binning in use
Bottleneck bin occupancy may not be accurately reported
Waiting for segments to complete...
Iteration completed successfully
Iteration wallclock: 0:42:00.885398, cputime: 3:22:07.990977


Sat Feb 10 14:54:55 2024
Iteration 116 (500 requested)
Beginning iteration 116
128 segments remain in iteration 116 (128 total)
32 of 40 (80.000000%) active bins are populated
per-bin minimum non-zero probability:       8.99022e-25
per-bin maximum probability:                0.34672
per-bin probability dynamic range (kT):     54.3093
per-segment minimum non-zero probability:   2.24756e-25
per-segment maximum non-zero probability:   0.105965
per-segment probability dynamic range (kT): 54.5101
norm = 1, error in norm = -2.22045e-16 (-1*epsilon)
MAB binning in use
Bottleneck bin occupancy may not be accurately reported
Waiting for segments to complete...
Iteration completed successfully
Iteration wallclock: 0:39:17.618804, cputime: 3:07:38.991454


Sat Feb 10 15:34:13 2024
Iteration 117 (500 requested)
Beginning iteration 117
136 segments remain in iteration 117 (136 total)
34 of 40 (85.000000%) active bins are populated
per-bin minimum non-zero probability:       2.24756e-25
per-bin maximum probability:                0.333519
per-bin probability dynamic range (kT):     55.6567
per-segment minimum non-zero probability:   5.61889e-26
per-segment maximum non-zero probability:   0.105965
per-segment probability dynamic range (kT): 55.8964
norm = 1, error in norm = -3.33067e-16 (-1.5*epsilon)
MAB binning in use
Bottleneck bin occupancy may not be accurately reported
Waiting for segments to complete...
Iteration completed successfully
Iteration wallclock: 0:41:09.064281, cputime: 3:16:32.600654

Iteration 118 would require more than the allotted time. Ending run.
